[0m[INFO] [1777689192.813836059] [posture_stabilizer]: Posture Stabilizer started — calibrating IMU, hold robot level...[0m
[0m[INFO] [1777689192.910396291] [posture_stabilizer]: Calibration done: roll_bias=-0.415°, pitch_bias=1.415°[0m
[0m[INFO] [1777689193.034127318] [posture_stabilizer]: time=0.17, roll=-0.01, pitch=-0.03[0m
[0m[INFO] [1777689193.065411863] [posture_stabilizer]: time=0.30, roll=0.00, pitch=-0.03[0m
[0m[INFO] [1777689193.097292946] [posture_stabilizer]: time=0.33, roll=0.03, pitch=-0.10[0m
[0m[INFO] [1777689193.129214084] [posture_stabilizer]: time=0.36, roll=0.04, pitch=-0.13[0m
[0m[INFO] [1777689193.160202999] [posture_stabilizer]: time=0.39, roll=0.04, pitch=-0.12[0m
[0m[INFO] [1777689193.191427210] [posture_stabilizer]: time=0.42, roll=0.02, pitch=-0.12[0m
[0m[INFO] [1777689193.223716312] [posture_stabilizer]: time=0.46, roll=-0.01, pitch=-0.14[0m
[0m[INFO] [1777689193.255241190] [posture_stabilizer]: time=0.49, roll=-0.04, pitch=-0.17[0m
[0m[INFO] [1777689193.289482722] [posture_stabilizer]: time=0.52, roll=-0.05, pitch=-0.20[0m
[0m[INFO] [1777689193.323491754] [posture_stabilizer]: time=0.55, roll=-0.05, pitch=-0.21[0m
[0m[INFO] [1777689193.357975490] [posture_stabilizer]: time=0.59, roll=-0.02, pitch=-0.22[0m
[0m[INFO] [1777689193.392096003] [posture_stabilizer]: time=0.62, roll=-0.01, pitch=-0.20[0m
[0m[INFO] [1777689193.422844732] [posture_stabilizer]: time=0.66, roll=-0.02, pitch=-0.19[0m
[0m[INFO] [1777689193.454409610] [posture_stabilizer]: time=0.69, roll=-0.10, pitch=0.16[0m
[0m[INFO] [1777689193.489822126] [posture_stabilizer]: time=0.72, roll=-0.33, pitch=1.05[0m
[0m[INFO] [1777689193.524724678] [posture_stabilizer]: time=0.75, roll=-0.51, pitch=1.42[0m
[0m[INFO] [1777689193.560026823] [posture_stabilizer]: time=0.79, roll=-0.51, pitch=1.38[0m
[0m[INFO] [1777689193.595230117] [posture_stabilizer]: time=0.82, roll=-0.44, pitch=1.01[0m
[0m[INFO] [1777689193.629754149] [posture_stabilizer]: time=0.86, roll=-0.30, pitch=0.61[0m
[0m[INFO] [1777689193.661883510] [posture_stabilizer]: time=0.89, roll=-0.18, pitch=0.46[0m
[0m[INFO] [1777689193.694886318] [posture_stabilizer]: time=0.93, roll=-0.17, pitch=0.52[0m
[0m[INFO] [1777689193.727488402] [posture_stabilizer]: time=0.96, roll=-0.19, pitch=0.59[0m
[0m[INFO] [1777689193.760637302] [posture_stabilizer]: time=0.99, roll=-0.21, pitch=0.67[0m
[0m[INFO] [1777689193.795615410] [posture_stabilizer]: time=1.03, roll=-0.31, pitch=0.79[0m
[0m[INFO] [1777689193.836424548] [posture_stabilizer]: time=1.06, roll=-0.33, pitch=0.78[0m
[0m[INFO] [1777689193.874315809] [posture_stabilizer]: time=1.10, roll=-0.33, pitch=0.78[0m
[0m[INFO] [1777689193.910274456] [posture_stabilizer]: time=1.14, roll=-0.31, pitch=0.76[0m
[0m[INFO] [1777689193.943111800] [posture_stabilizer]: time=1.17, roll=-0.29, pitch=0.77[0m
[0m[INFO] [1777689193.975782107] [posture_stabilizer]: time=1.21, roll=-0.30, pitch=0.77[0m
[0m[INFO] [1777689194.010544084] [posture_stabilizer]: time=1.24, roll=-0.31, pitch=0.77[0m
[0m[INFO] [1777689194.043898244] [posture_stabilizer]: time=1.28, roll=-0.31, pitch=0.77[0m
[0m[INFO] [1777689194.078524092] [posture_stabilizer]: time=1.31, roll=-0.31, pitch=0.77[0m
[0m[INFO] [1777689194.111676881] [posture_stabilizer]: time=1.34, roll=-0.30, pitch=0.77[0m
[0m[INFO] [1777689194.144906244] [posture_stabilizer]: time=1.38, roll=-0.30, pitch=0.79[0m
[0m[INFO] [1777689194.177657606] [posture_stabilizer]: time=1.41, roll=-0.31, pitch=0.80[0m
[0m[INFO] [1777689194.215885017] [posture_stabilizer]: time=1.44, roll=-0.29, pitch=0.84[0m
[0m[INFO] [1777689194.250266549] [posture_stabilizer]: time=1.48, roll=-0.31, pitch=0.93[0m
[0m[INFO] [1777689194.285339564] [posture_stabilizer]: time=1.51, roll=-0.37, pitch=1.02[0m
[0m[INFO] [1777689194.320589839] [posture_stabilizer]: time=1.55, roll=-0.39, pitch=1.06[0m
[0m[INFO] [1777689194.355240705] [posture_stabilizer]: time=1.59, roll=-0.40, pitch=1.08[0m
[0m[INFO] [1777689194.388979107] [posture_stabilizer]: time=1.62, roll=-0.35, pitch=1.12[0m
[0m[INFO] [1777689194.422363878] [posture_stabilizer]: time=1.65, roll=-0.31, pitch=1.17[0m
[0m[INFO] [1777689194.456115816] [posture_stabilizer]: time=1.69, roll=-0.32, pitch=1.23[0m
[0m[INFO] [1777689194.488836808] [posture_stabilizer]: time=1.72, roll=-0.34, pitch=1.22[0m
[0m[INFO] [1777689194.522494968] [posture_stabilizer]: time=1.75, roll=-0.36, pitch=1.21[0m
[0m[INFO] [1777689194.557808466] [posture_stabilizer]: time=1.79, roll=-0.39, pitch=1.22[0m
[0m[INFO] [1777689194.593534890] [posture_stabilizer]: time=1.82, roll=-0.40, pitch=1.22[0m
[0m[INFO] [1777689194.628490997] [posture_stabilizer]: time=1.86, roll=-0.39, pitch=1.22[0m
[0m[INFO] [1777689194.664442959] [posture_stabilizer]: time=1.89, roll=-0.40, pitch=1.21[0m
[0m[INFO] [1777689194.699306751] [posture_stabilizer]: time=1.93, roll=-0.39, pitch=1.21[0m
[0m[INFO] [1777689194.734631693] [posture_stabilizer]: time=1.96, roll=-0.40, pitch=1.21[0m
[0m[INFO] [1777689194.769942042] [posture_stabilizer]: time=2.00, roll=-0.40, pitch=1.22[0m
[0m[INFO] [1777689194.804787205] [posture_stabilizer]: time=2.03, roll=-0.41, pitch=1.22[0m
[0m[INFO] [1777689194.839869146] [posture_stabilizer]: time=2.07, roll=-0.41, pitch=1.22[0m
[0m[INFO] [1777689194.875424254] [posture_stabilizer]: time=2.10, roll=-0.40, pitch=1.21[0m
[0m[INFO] [1777689194.910877567] [posture_stabilizer]: time=2.14, roll=-0.40, pitch=1.21[0m
[0m[INFO] [1777689194.945969156] [posture_stabilizer]: time=2.18, roll=-0.41, pitch=1.22[0m
[0m[INFO] [1777689194.980830597] [posture_stabilizer]: time=2.21, roll=-0.40, pitch=1.22[0m
[0m[INFO] [1777689195.016189686] [posture_stabilizer]: time=2.25, roll=-0.40, pitch=1.22[0m
[0m[INFO] [1777689195.051681054] [posture_stabilizer]: time=2.28, roll=-0.39, pitch=1.22[0m
[0m[INFO] [1777689195.086720088] [posture_stabilizer]: time=2.32, roll=-0.43, pitch=1.22[0m
[0m[INFO] [1777689195.121925085] [posture_stabilizer]: time=2.35, roll=-0.40, pitch=1.16[0m
[0m[INFO] [1777689195.155562356] [posture_stabilizer]: time=2.39, roll=-0.30, pitch=1.14[0m
[0m[INFO] [1777689195.188793794] [posture_stabilizer]: time=2.42, roll=-0.28, pitch=1.16[0m
[0m[INFO] [1777689195.223338160] [posture_stabilizer]: time=2.45, roll=-0.32, pitch=1.21[0m
[0m[INFO] [1777689195.258948750] [posture_stabilizer]: time=2.49, roll=-0.37, pitch=1.28[0m
[0m[INFO] [1777689195.291716279] [posture_stabilizer]: time=2.52, roll=-0.37, pitch=1.30[0m
[0m[INFO] [1777689195.325274791] [posture_stabilizer]: time=2.56, roll=-0.36, pitch=1.29[0m
[0m[INFO] [1777689195.358440895] [posture_stabilizer]: time=2.59, roll=-0.35, pitch=1.27[0m
[0m[INFO] [1777689195.391481332] [posture_stabilizer]: time=2.62, roll=-0.34, pitch=1.28[0m
[0m[INFO] [1777689195.424374158] [posture_stabilizer]: time=2.66, roll=-0.35, pitch=1.30[0m
[0m[INFO] [1777689195.457712207] [posture_stabilizer]: time=2.69, roll=-0.36, pitch=1.31[0m
[0m[INFO] [1777689195.490609736] [posture_stabilizer]: time=2.72, roll=-0.37, pitch=1.31[0m
[0m[INFO] [1777689195.525560140] [posture_stabilizer]: time=2.76, roll=-0.37, pitch=1.30[0m
[0m[INFO] [1777689195.560706507] [posture_stabilizer]: time=2.79, roll=-0.39, pitch=1.30[0m
[0m[INFO] [1777689195.595615448] [posture_stabilizer]: time=2.83, roll=-0.40, pitch=1.30[0m
[0m[INFO] [1777689195.630476037] [posture_stabilizer]: time=2.86, roll=-0.40, pitch=1.31[0m
[0m[INFO] [1777689195.665402718] [posture_stabilizer]: time=2.90, roll=-0.39, pitch=1.31[0m
[0m[INFO] [1777689195.700219529] [posture_stabilizer]: time=2.93, roll=-0.38, pitch=1.30[0m
[0m[INFO] [1777689195.735266266] [posture_stabilizer]: time=2.96, roll=-0.38, pitch=1.30[0m
[0m[INFO] [1777689195.770349504] [posture_stabilizer]: time=3.00, roll=-0.38, pitch=1.30[0m
[0m[INFO] [1777689195.805594630] [posture_stabilizer]: time=3.03, roll=-0.38, pitch=1.29[0m
[0m[INFO] [1777689195.840553553] [posture_stabilizer]: time=3.07, roll=-0.38, pitch=1.28[0m
[0m[INFO] [1777689195.875760087] [posture_stabilizer]: time=3.11, roll=-0.38, pitch=1.27[0m
[0m[INFO] [1777689195.911100843] [posture_stabilizer]: time=3.14, roll=-0.38, pitch=1.29[0m
[0m[INFO] [1777689195.946053988] [posture_stabilizer]: time=3.18, roll=-0.39, pitch=1.30[0m
[0m[INFO] [1777689195.981226800] [posture_stabilizer]: time=3.21, roll=-0.40, pitch=1.30[0m
[0m[INFO] [1777689196.016284167] [posture_stabilizer]: time=3.25, roll=-0.41, pitch=1.31[0m
[0m[INFO] [1777689196.051887479] [posture_stabilizer]: time=3.28, roll=-0.41, pitch=1.30[0m
[0m[INFO] [1777689196.087756588] [posture_stabilizer]: time=3.32, roll=-0.42, pitch=1.31[0m
[0m[INFO] [1777689196.122627381] [posture_stabilizer]: time=3.35, roll=-0.42, pitch=1.32[0m
[0m[INFO] [1777689196.158172064] [posture_stabilizer]: time=3.39, roll=-0.42, pitch=1.31[0m
[0m[INFO] [1777689196.193080005] [posture_stabilizer]: time=3.42, roll=-0.42, pitch=1.31[0m
[0m[INFO] [1777689196.228932244] [posture_stabilizer]: time=3.46, roll=-0.42, pitch=1.32[0m
[0m[INFO] [1777689196.263817777] [posture_stabilizer]: time=3.49, roll=-0.40, pitch=1.32[0m
[0m[INFO] [1777689196.298694569] [posture_stabilizer]: time=3.53, roll=-0.40, pitch=1.36[0m
[0m[INFO] [1777689196.332945101] [posture_stabilizer]: time=3.56, roll=-0.38, pitch=1.39[0m
[0m[INFO] [1777689196.367936302] [posture_stabilizer]: time=3.60, roll=-0.39, pitch=1.41[0m
[0m[INFO] [1777689196.403034391] [posture_stabilizer]: time=3.63, roll=-0.42, pitch=1.41[0m
[0m[INFO] [1777689196.435845439] [posture_stabilizer]: time=3.67, roll=-0.36, pitch=1.39[0m
[0m[INFO] [1777689196.469127024] [posture_stabilizer]: time=3.70, roll=-0.33, pitch=1.36[0m
[0m[INFO] [1777689196.501978072] [posture_stabilizer]: time=3.73, roll=-0.29, pitch=1.35[0m
[0m[INFO] [1777689196.534652990] [posture_stabilizer]: time=3.77, roll=-0.22, pitch=1.36[0m
[0m[INFO] [1777689196.567209370] [posture_stabilizer]: time=3.80, roll=-0.13, pitch=1.37[0m
[0m[INFO] [1777689196.599987103] [posture_stabilizer]: time=3.83, roll=-0.12, pitch=1.36[0m
[0m[INFO] [1777689196.632820169] [posture_stabilizer]: time=3.86, roll=-0.13, pitch=1.35[0m
[0m[INFO] [1777689196.665736661] [posture_stabilizer]: time=3.90, roll=-0.27, pitch=1.35[0m
[0m[INFO] [1777689196.701029251] [posture_stabilizer]: time=3.93, roll=-0.41, pitch=1.36[0m
[0m[INFO] [1777689196.735615228] [posture_stabilizer]: time=3.97, roll=-0.44, pitch=1.37[0m
[0m[INFO] [1777689196.768652480] [posture_stabilizer]: time=4.00, roll=-0.38, pitch=1.38[0m
[0m[INFO] [1777689196.801921529] [posture_stabilizer]: time=4.03, roll=-0.29, pitch=1.37[0m
[0m[INFO] [1777689196.834673965] [posture_stabilizer]: time=4.07, roll=-0.22, pitch=1.34[0m
[0m[INFO] [1777689196.868140014] [posture_stabilizer]: time=4.10, roll=-0.20, pitch=1.34[0m
[0m[INFO] [1777689196.900907802] [posture_stabilizer]: time=4.13, roll=-0.20, pitch=1.34[0m
[0m[INFO] [1777689196.934205796] [posture_stabilizer]: time=4.17, roll=-0.20, pitch=1.33[0m
[0m[INFO] [1777689196.966783380] [posture_stabilizer]: time=4.20, roll=-0.22, pitch=1.33[0m
[0m[INFO] [1777689197.000033873] [posture_stabilizer]: time=4.23, roll=-0.21, pitch=1.34[0m
[0m[INFO] [1777689197.033490681] [posture_stabilizer]: time=4.26, roll=-0.18, pitch=1.35[0m
[0m[INFO] [1777689197.066472007] [posture_stabilizer]: time=4.30, roll=-0.14, pitch=1.35[0m
[0m[INFO] [1777689197.099719352] [posture_stabilizer]: time=4.33, roll=-0.12, pitch=1.33[0m
[0m[INFO] [1777689197.132365640] [posture_stabilizer]: time=4.36, roll=-0.11, pitch=1.31[0m
[0m[INFO] [1777689197.165322336] [posture_stabilizer]: time=4.40, roll=-0.07, pitch=1.29[0m
[0m[INFO] [1777689197.198004365] [posture_stabilizer]: time=4.43, roll=-0.05, pitch=1.28[0m
[0m[INFO] [1777689197.230965264] [posture_stabilizer]: time=4.46, roll=-0.04, pitch=1.28[0m
[0m[INFO] [1777689197.263829645] [posture_stabilizer]: time=4.50, roll=0.00, pitch=1.28[0m
[0m[INFO] [1777689197.297412417] [posture_stabilizer]: time=4.53, roll=0.04, pitch=1.28[0m
[0m[INFO] [1777689197.330393206] [posture_stabilizer]: time=4.56, roll=0.05, pitch=1.29[0m
[0m[INFO] [1777689197.363289642] [posture_stabilizer]: time=4.60, roll=0.06, pitch=1.27[0m
[0m[INFO] [1777689197.396342505] [posture_stabilizer]: time=4.63, roll=0.11, pitch=1.19[0m
[0m[INFO] [1777689197.429667480] [posture_stabilizer]: time=4.66, roll=0.22, pitch=1.13[0m
[0m[INFO] [1777689197.464738940] [posture_stabilizer]: time=4.69, roll=0.34, pitch=1.06[0m
[0m[INFO] [1777689197.500397567] [posture_stabilizer]: time=4.73, roll=0.49, pitch=0.98[0m
[0m[INFO] [1777689197.535902898] [posture_stabilizer]: time=4.77, roll=0.58, pitch=0.90[0m
[0m[INFO] [1777689197.571406858] [posture_stabilizer]: time=4.80, roll=0.64, pitch=0.92[0m
[0m[INFO] [1777689197.606640966] [posture_stabilizer]: time=4.84, roll=0.66, pitch=0.93[0m
[0m[INFO] [1777689197.641479129] [posture_stabilizer]: time=4.87, roll=0.77, pitch=0.83[0m
[0m[INFO] [1777689197.676209940] [posture_stabilizer]: time=4.91, roll=0.85, pitch=0.71[0m
[0m[INFO] [1777689197.710022397] [posture_stabilizer]: time=4.94, roll=0.98, pitch=0.48[0m
[0m[INFO] [1777689197.744180948] [posture_stabilizer]: time=4.97, roll=1.00, pitch=0.28[0m
[0m[INFO] [1777689197.777423311] [posture_stabilizer]: time=5.01, roll=0.88, pitch=0.03[0m
[0m[INFO] [1777689197.811107323] [posture_stabilizer]: time=5.04, roll=0.76, pitch=-0.08[0m
[0m[INFO] [1777689197.843145092] [posture_stabilizer]: time=5.08, roll=0.46, pitch=-0.23[0m
[0m[INFO] [1777689197.874409451] [posture_stabilizer]: time=5.11, roll=0.20, pitch=-0.32[0m
[0m[INFO] [1777689197.904809012] [posture_stabilizer]: time=5.14, roll=0.14, pitch=-0.47[0m
[0m[INFO] [1777689197.934346164] [posture_stabilizer]: time=5.17, roll=0.13, pitch=-0.82[0m
[0m[INFO] [1777689197.963977409] [posture_stabilizer]: time=5.20, roll=0.25, pitch=-0.97[0m
[0m[INFO] [1777689197.993308024] [posture_stabilizer]: time=5.23, roll=0.36, pitch=-1.13[0m
[0m[INFO] [1777689198.023209918] [posture_stabilizer]: time=5.26, roll=0.43, pitch=-1.16[0m
[0m[INFO] [1777689198.052864607] [posture_stabilizer]: time=5.29, roll=0.56, pitch=-1.23[0m
[0m[INFO] [1777689198.081818369] [posture_stabilizer]: time=5.32, roll=0.60, pitch=-1.41[0m
[0m[INFO] [1777689198.111347040] [posture_stabilizer]: time=5.35, roll=0.62, pitch=-1.63[0m
[0m[INFO] [1777689198.140867044] [posture_stabilizer]: time=5.38, roll=0.65, pitch=-1.94[0m
[0m[INFO] [1777689198.169946769] [posture_stabilizer]: time=5.41, roll=0.63, pitch=-2.24[0m
[0m[INFO] [1777689198.199147235] [posture_stabilizer]: time=5.43, roll=0.55, pitch=-2.46[0m
[0m[INFO] [1777689198.228528276] [posture_stabilizer]: time=5.46, roll=0.43, pitch=-2.74[0m
[0m[INFO] [1777689198.259972914] [posture_stabilizer]: time=5.49, roll=0.30, pitch=-2.97[0m
[0m[INFO] [1777689198.291165680] [posture_stabilizer]: time=5.52, roll=0.21, pitch=-3.04[0m
[0m[INFO] [1777689198.322851077] [posture_stabilizer]: time=5.56, roll=0.13, pitch=-2.96[0m
[0m[INFO] [1777689198.355132143] [posture_stabilizer]: time=5.59, roll=0.15, pitch=-2.99[0m
[0m[INFO] [1777689198.384740499] [posture_stabilizer]: time=5.62, roll=0.46, pitch=-3.04[0m
[0m[INFO] [1777689198.414278336] [posture_stabilizer]: time=5.65, roll=0.57, pitch=-3.28[0m
[0m[INFO] [1777689198.445024435] [posture_stabilizer]: time=5.68, roll=0.61, pitch=-3.46[0m
[0m[INFO] [1777689198.474874162] [posture_stabilizer]: time=5.71, roll=0.64, pitch=-3.83[0m
[0m[INFO] [1777689198.505999354] [posture_stabilizer]: time=5.74, roll=0.62, pitch=-4.01[0m
[0m[INFO] [1777689198.536896657] [posture_stabilizer]: time=5.77, roll=0.57, pitch=-4.22[0m
[0m[INFO] [1777689198.567657645] [posture_stabilizer]: time=5.80, roll=0.59, pitch=-4.23[0m
[0m[INFO] [1777689198.599254227] [posture_stabilizer]: time=5.83, roll=0.64, pitch=-4.21[0m
[0m[INFO] [1777689198.630693995] [posture_stabilizer]: time=5.86, roll=0.71, pitch=-4.26[0m
[0m[INFO] [1777689198.661863187] [posture_stabilizer]: time=5.90, roll=0.71, pitch=-4.28[0m
[0m[INFO] [1777689198.692984490] [posture_stabilizer]: time=5.93, roll=0.65, pitch=-4.38[0m
[0m[INFO] [1777689198.725400445] [posture_stabilizer]: time=5.96, roll=0.63, pitch=-4.51[0m
[0m[INFO] [1777689198.758022381] [posture_stabilizer]: time=5.99, roll=0.64, pitch=-4.82[0m
[0m[INFO] [1777689198.791353504] [posture_stabilizer]: time=6.02, roll=0.66, pitch=-5.10[0m
[0m[INFO] [1777689198.824155607] [posture_stabilizer]: time=6.06, roll=0.67, pitch=-5.38[0m
[0m[INFO] [1777689198.855335577] [posture_stabilizer]: time=6.09, roll=0.67, pitch=-5.61[0m
[0m[INFO] [1777689198.889286849] [posture_stabilizer]: time=6.12, roll=0.55, pitch=-5.57[0m
[0m[INFO] [1777689198.920736968] [posture_stabilizer]: time=6.15, roll=0.46, pitch=-5.59[0m
[0m[INFO] [1777689198.954448592] [posture_stabilizer]: time=6.19, roll=0.34, pitch=-5.48[0m
[0m[INFO] [1777689198.987439881] [posture_stabilizer]: time=6.22, roll=0.32, pitch=-5.51[0m
[0m[INFO] [1777689199.021585264] [posture_stabilizer]: time=6.25, roll=0.39, pitch=-5.66[0m
[0m[INFO] [1777689199.052478049] [posture_stabilizer]: time=6.29, roll=0.48, pitch=-5.79[0m
[0m[INFO] [1777689199.083970372] [posture_stabilizer]: time=6.32, roll=0.52, pitch=-6.01[0m
[0m[INFO] [1777689199.114860600] [posture_stabilizer]: time=6.35, roll=0.54, pitch=-6.13[0m
[0m[INFO] [1777689199.146391701] [posture_stabilizer]: time=6.38, roll=0.57, pitch=-6.46[0m
[0m[INFO] [1777689199.181080530] [posture_stabilizer]: time=6.41, roll=0.66, pitch=-6.77[0m
[0m[INFO] [1777689199.222143483] [posture_stabilizer]: time=6.45, roll=0.77, pitch=-6.94[0m
[0m[INFO] [1777689199.256972480] [posture_stabilizer]: time=6.49, roll=0.87, pitch=-7.09[0m
[0m[INFO] [1777689199.291408475] [posture_stabilizer]: time=6.52, roll=0.85, pitch=-6.96[0m
[0m[INFO] [1777689199.326218156] [posture_stabilizer]: time=6.56, roll=0.76, pitch=-6.92[0m
[0m[INFO] [1777689199.361078171] [posture_stabilizer]: time=6.59, roll=0.62, pitch=-7.04[0m
[0m[INFO] [1777689199.396647187] [posture_stabilizer]: time=6.63, roll=0.60, pitch=-7.23[0m
[0m[INFO] [1777689199.430727923] [posture_stabilizer]: time=6.66, roll=0.59, pitch=-7.55[0m
[0m[INFO] [1777689199.464761695] [posture_stabilizer]: time=6.70, roll=0.65, pitch=-7.73[0m
[0m[INFO] [1777689199.499822784] [posture_stabilizer]: time=6.73, roll=0.67, pitch=-7.92[0m
[0m[INFO] [1777689199.534793910] [posture_stabilizer]: time=6.76, roll=0.76, pitch=-8.06[0m
[0m[INFO] [1777689199.569700166] [posture_stabilizer]: time=6.80, roll=0.91, pitch=-8.03[0m
[0m[INFO] [1777689199.606041998] [posture_stabilizer]: time=6.83, roll=0.98, pitch=-7.82[0m
[0m[INFO] [1777689199.640674476] [posture_stabilizer]: time=6.87, roll=0.98, pitch=-7.59[0m
[0m[INFO] [1777689199.674725396] [posture_stabilizer]: time=6.91, roll=0.84, pitch=-7.59[0m
[0m[INFO] [1777689199.709107262] [posture_stabilizer]: time=6.94, roll=0.76, pitch=-7.73[0m
[0m[INFO] [1777689199.743366312] [posture_stabilizer]: time=6.97, roll=0.76, pitch=-7.94[0m
[0m[INFO] [1777689199.777829048] [posture_stabilizer]: time=7.01, roll=0.79, pitch=-8.10[0m
[0m[INFO] [1777689199.812567137] [posture_stabilizer]: time=7.04, roll=0.84, pitch=-8.38[0m
[0m[INFO] [1777689199.847218096] [posture_stabilizer]: time=7.08, roll=0.81, pitch=-8.58[0m
[0m[INFO] [1777689199.881618036] [posture_stabilizer]: time=7.11, roll=0.77, pitch=-8.79[0m
[0m[INFO] [1777689199.916676828] [posture_stabilizer]: time=7.15, roll=0.72, pitch=-8.80[0m
[0m[INFO] [1777689199.951509399] [posture_stabilizer]: time=7.18, roll=0.60, pitch=-8.72[0m
[0m[INFO] [1777689199.986395395] [posture_stabilizer]: time=7.22, roll=0.57, pitch=-8.78[0m
[0m[INFO] [1777689200.020707760] [posture_stabilizer]: time=7.25, roll=0.64, pitch=-8.92[0m
[0m[INFO] [1777689200.054970181] [posture_stabilizer]: time=7.29, roll=0.70, pitch=-9.11[0m
[0m[INFO] [1777689200.088802046] [posture_stabilizer]: time=7.32, roll=0.71, pitch=-9.33[0m
[0m[INFO] [1777689200.122317762] [posture_stabilizer]: time=7.35, roll=0.77, pitch=-9.61[0m
[0m[INFO] [1777689200.154780642] [posture_stabilizer]: time=7.39, roll=0.81, pitch=-9.86[0m
[0m[INFO] [1777689200.186989281] [posture_stabilizer]: time=7.42, roll=0.85, pitch=-9.99[0m
[0m[INFO] [1777689200.218868586] [posture_stabilizer]: time=7.45, roll=0.77, pitch=-9.82[0m
[0m[INFO] [1777689200.252223005] [posture_stabilizer]: time=7.48, roll=0.85, pitch=-9.76[0m
[0m[INFO] [1777689200.284579255] [posture_stabilizer]: time=7.52, roll=0.83, pitch=-9.68[0m
[0m[INFO] [1777689200.316160634] [posture_stabilizer]: time=7.55, roll=0.84, pitch=-9.74[0m
[0m[INFO] [1777689200.349199441] [posture_stabilizer]: time=7.58, roll=0.82, pitch=-9.90[0m
[0m[INFO] [1777689200.382373379] [posture_stabilizer]: time=7.61, roll=0.84, pitch=-10.08[0m
[0m[INFO] [1777689200.416920245] [posture_stabilizer]: time=7.65, roll=0.84, pitch=-10.20[0m
[0m[INFO] [1777689200.451258129] [posture_stabilizer]: time=7.68, roll=0.85, pitch=-10.25[0m
[0m[INFO] [1777689200.485344049] [posture_stabilizer]: time=7.72, roll=0.90, pitch=-10.25[0m
[0m[INFO] [1777689200.518728135] [posture_stabilizer]: time=7.75, roll=0.90, pitch=-10.18[0m
[0m[INFO] [1777689200.551597683] [posture_stabilizer]: time=7.78, roll=0.88, pitch=-10.01[0m
[0m[INFO] [1777689200.583498321] [posture_stabilizer]: time=7.82, roll=0.86, pitch=-9.90[0m
[0m[INFO] [1777689200.615842609] [posture_stabilizer]: time=7.85, roll=0.84, pitch=-9.81[0m
[0m[INFO] [1777689200.648786527] [posture_stabilizer]: time=7.88, roll=0.82, pitch=-9.68[0m
[0m[INFO] [1777689200.682187613] [posture_stabilizer]: time=7.91, roll=0.83, pitch=-9.61[0m
[0m[INFO] [1777689200.715084883] [posture_stabilizer]: time=7.95, roll=0.84, pitch=-9.60[0m
[0m[INFO] [1777689200.747862801] [posture_stabilizer]: time=7.98, roll=0.82, pitch=-9.62[0m
[0m[INFO] [1777689200.781518869] [posture_stabilizer]: time=8.01, roll=0.81, pitch=-9.65[0m
[0m[INFO] [1777689200.814610658] [posture_stabilizer]: time=8.05, roll=0.77, pitch=-9.61[0m
[0m[INFO] [1777689200.848221911] [posture_stabilizer]: time=8.08, roll=0.76, pitch=-9.56[0m
[0m[INFO] [1777689200.881956330] [posture_stabilizer]: time=8.11, roll=0.79, pitch=-9.46[0m
[0m[INFO] [1777689200.915074582] [posture_stabilizer]: time=8.15, roll=0.80, pitch=-9.38[0m
[0m[INFO] [1777689200.948352057] [posture_stabilizer]: time=8.18, roll=0.80, pitch=-9.30[0m
[0m[INFO] [1777689200.981761809] [posture_stabilizer]: time=8.21, roll=0.82, pitch=-9.26[0m
[0m[INFO] [1777689201.014897247] [posture_stabilizer]: time=8.25, roll=0.81, pitch=-9.31[0m
[0m[INFO] [1777689201.048811945] [posture_stabilizer]: time=8.28, roll=0.83, pitch=-9.41[0m
[0m[INFO] [1777689201.082053660] [posture_stabilizer]: time=8.31, roll=0.81, pitch=-9.59[0m
[0m[INFO] [1777689201.114889874] [posture_stabilizer]: time=8.35, roll=0.81, pitch=-9.68[0m
[0m[INFO] [1777689201.147536236] [posture_stabilizer]: time=8.38, roll=0.79, pitch=-9.70[0m
[0m[INFO] [1777689201.180256543] [posture_stabilizer]: time=8.41, roll=0.78, pitch=-9.71[0m
[0m[INFO] [1777689201.213085535] [posture_stabilizer]: time=8.45, roll=0.81, pitch=-9.68[0m
[0m[INFO] [1777689201.245997972] [posture_stabilizer]: time=8.48, roll=0.83, pitch=-9.67[0m
[0m[INFO] [1777689201.280436375] [posture_stabilizer]: time=8.51, roll=0.83, pitch=-9.67[0m
[0m[INFO] [1777689201.312875496] [posture_stabilizer]: time=8.55, roll=0.80, pitch=-9.68[0m
[0m[INFO] [1777689201.345541413] [posture_stabilizer]: time=8.58, roll=0.79, pitch=-9.70[0m
[0m[INFO] [1777689201.377243866] [posture_stabilizer]: time=8.61, roll=0.82, pitch=-9.78[0m
[0m[INFO] [1777689201.410891767] [posture_stabilizer]: time=8.64, roll=0.85, pitch=-10.01[0m
[0m[INFO] [1777689201.445072984] [posture_stabilizer]: time=8.68, roll=0.85, pitch=-10.20[0m
[0m[INFO] [1777689201.480894631] [posture_stabilizer]: time=8.71, roll=0.83, pitch=-10.38[0m
[0m[INFO] [1777689201.516144313] [posture_stabilizer]: time=8.75, roll=0.81, pitch=-10.50[0m
[0m[INFO] [1777689201.552257015] [posture_stabilizer]: time=8.78, roll=0.82, pitch=-10.43[0m
[0m[INFO] [1777689201.585848027] [posture_stabilizer]: time=8.82, roll=0.95, pitch=-10.25[0m
[0m[INFO] [1777689201.619531336] [posture_stabilizer]: time=8.85, roll=1.02, pitch=-10.25[0m
[0m[INFO] [1777689201.653843498] [posture_stabilizer]: time=8.88, roll=1.08, pitch=-10.29[0m
[0m[INFO] [1777689201.689045198] [posture_stabilizer]: time=8.92, roll=1.12, pitch=-10.45[0m
[0m[INFO] [1777689201.724533733] [posture_stabilizer]: time=8.95, roll=1.12, pitch=-10.78[0m
[0m[INFO] [1777689201.760769362] [posture_stabilizer]: time=8.99, roll=1.13, pitch=-11.04[0m
[0m[INFO] [1777689201.798000659] [posture_stabilizer]: time=9.03, roll=1.16, pitch=-11.22[0m
[0m[INFO] [1777689201.835351438] [posture_stabilizer]: time=9.06, roll=1.26, pitch=-11.13[0m
[0m[INFO] [1777689201.871317177] [posture_stabilizer]: time=9.10, roll=1.30, pitch=-10.94[0m
[0m[INFO] [1777689201.906400081] [posture_stabilizer]: time=9.14, roll=1.45, pitch=-10.71[0m
[0m[INFO] [1777689201.941261392] [posture_stabilizer]: time=9.17, roll=1.57, pitch=-10.66[0m
[0m[INFO] [1777689201.976412593] [posture_stabilizer]: time=9.21, roll=1.70, pitch=-10.70[0m
[0m[INFO] [1777689202.011104144] [posture_stabilizer]: time=9.24, roll=1.76, pitch=-10.94[0m
[0m[INFO] [1777689202.046276456] [posture_stabilizer]: time=9.28, roll=1.73, pitch=-11.11[0m
[0m[INFO] [1777689202.081181878] [posture_stabilizer]: time=9.31, roll=1.77, pitch=-11.00[0m
[0m[INFO] [1777689202.116030504] [posture_stabilizer]: time=9.35, roll=1.69, pitch=-10.67[0m
[0m[INFO] [1777689202.149599460] [posture_stabilizer]: time=9.38, roll=1.63, pitch=-10.25[0m
[0m[INFO] [1777689202.183236639] [posture_stabilizer]: time=9.41, roll=1.41, pitch=-9.52[0m
[0m[INFO] [1777689202.217823450] [posture_stabilizer]: time=9.45, roll=1.16, pitch=-8.97[0m
[0m[INFO] [1777689202.252372760] [posture_stabilizer]: time=9.48, roll=1.07, pitch=-8.58[0m
[0m[INFO] [1777689202.287448924] [posture_stabilizer]: time=9.52, roll=1.07, pitch=-8.18[0m
[0m[INFO] [1777689202.321588900] [posture_stabilizer]: time=9.55, roll=1.14, pitch=-8.07[0m
[0m[INFO] [1777689202.356758415] [posture_stabilizer]: time=9.59, roll=1.15, pitch=-7.89[0m
[0m[INFO] [1777689202.391438078] [posture_stabilizer]: time=9.62, roll=1.00, pitch=-7.70[0m
[0m[INFO] [1777689202.427123113] [posture_stabilizer]: time=9.66, roll=0.76, pitch=-7.40[0m
[0m[INFO] [1777689202.461771868] [posture_stabilizer]: time=9.69, roll=0.67, pitch=-6.91[0m
[0m[INFO] [1777689202.492928060] [posture_stabilizer]: time=9.73, roll=0.67, pitch=-6.05[0m
[0m[INFO] [1777689202.526331572] [posture_stabilizer]: time=9.76, roll=0.75, pitch=-5.42[0m
[0m[INFO] [1777689202.558971712] [posture_stabilizer]: time=9.79, roll=0.73, pitch=-4.78[0m
[0m[INFO] [1777689202.589581070] [posture_stabilizer]: time=9.82, roll=0.75, pitch=-4.14[0m
[0m[INFO] [1777689202.619622056] [posture_stabilizer]: time=9.85, roll=0.65, pitch=-3.72[0m
[0m[INFO] [1777689202.649085542] [posture_stabilizer]: time=9.88, roll=0.63, pitch=-3.28[0m
[0m[INFO] [1777689202.678964657] [posture_stabilizer]: time=9.91, roll=0.54, pitch=-2.84[0m
[0m[INFO] [1777689202.708059179] [posture_stabilizer]: time=9.94, roll=0.37, pitch=-2.39[0m
[0m[INFO] [1777689202.737046274] [posture_stabilizer]: time=9.97, roll=0.20, pitch=-1.61[0m
[0m[INFO] [1777689202.765428887] [posture_stabilizer]: time=10.00, roll=0.13, pitch=-0.81[0m
[0m[INFO] [1777689202.797418470] [posture_stabilizer]: time=10.03, roll=0.13, pitch=-0.06[0m
[0m[INFO] [1777689202.830611278] [posture_stabilizer]: time=10.06, roll=0.21, pitch=0.56[0m
[0m[INFO] [1777689202.863307936] [posture_stabilizer]: time=10.10, roll=0.32, pitch=1.00[0m
[0m[INFO] [1777689202.896854800] [posture_stabilizer]: time=10.13, roll=0.30, pitch=1.34[0m
[0m[INFO] [1777689202.930279886] [posture_stabilizer]: time=10.16, roll=0.34, pitch=1.56[0m
[0m[INFO] [1777689202.963769602] [posture_stabilizer]: time=10.19, roll=-0.08, pitch=1.36[0m
[0m[INFO] [1777689202.998731950] [posture_stabilizer]: time=10.23, roll=-0.42, pitch=1.10[0m
[0m[INFO] [1777689203.034006855] [posture_stabilizer]: time=10.26, roll=-0.77, pitch=0.84[0m
[0m[INFO] [1777689203.068747554] [posture_stabilizer]: time=10.30, roll=-0.93, pitch=0.84[0m
[0m[INFO] [1777689203.103320624] [posture_stabilizer]: time=10.33, roll=-0.89, pitch=1.04[0m
[0m[INFO] [1777689203.138506399] [posture_stabilizer]: time=10.37, roll=-0.69, pitch=1.26[0m
[0m[INFO] [1777689203.174455416] [posture_stabilizer]: time=10.40, roll=-0.45, pitch=1.50[0m
[0m[INFO] [1777689203.207438834] [posture_stabilizer]: time=10.44, roll=-0.37, pitch=1.63[0m
[0m[INFO] [1777689203.240432160] [posture_stabilizer]: time=10.47, roll=-0.40, pitch=1.71[0m
[0m[INFO] [1777689203.275242434] [posture_stabilizer]: time=10.51, roll=-0.44, pitch=1.61[0m
[0m[INFO] [1777689203.311406395] [posture_stabilizer]: time=10.54, roll=-0.47, pitch=1.58[0m
[0m[INFO] [1777689203.346927837] [posture_stabilizer]: time=10.58, roll=-0.48, pitch=1.56[0m
[0m[INFO] [1777689203.381906482] [posture_stabilizer]: time=10.61, roll=-0.52, pitch=1.56[0m
[0m[INFO] [1777689203.417008868] [posture_stabilizer]: time=10.65, roll=-0.51, pitch=1.56[0m
[0m[INFO] [1777689203.452273865] [posture_stabilizer]: time=10.68, roll=-0.42, pitch=1.50[0m
[0m[INFO] [1777689203.485565413] [posture_stabilizer]: time=10.72, roll=-0.39, pitch=1.55[0m
[0m[INFO] [1777689203.518619128] [posture_stabilizer]: time=10.75, roll=-0.38, pitch=1.46[0m
[0m[INFO] [1777689203.551643417] [posture_stabilizer]: time=10.78, roll=-0.38, pitch=1.40[0m
[0m[INFO] [1777689203.587857934] [posture_stabilizer]: time=10.82, roll=-0.43, pitch=1.37[0m
[0m[INFO] [1777689203.622818838] [posture_stabilizer]: time=10.85, roll=-0.46, pitch=1.35[0m
[0m[INFO] [1777689203.658081335] [posture_stabilizer]: time=10.89, roll=-0.47, pitch=1.38[0m
[0m[INFO] [1777689203.692801146] [posture_stabilizer]: time=10.92, roll=-0.46, pitch=1.42[0m
[0m[INFO] [1777689203.727568827] [posture_stabilizer]: time=10.96, roll=-0.46, pitch=1.47[0m
[0m[INFO] [1777689203.762614231] [posture_stabilizer]: time=10.99, roll=-0.46, pitch=1.47[0m
[0m[INFO] [1777689203.797300986] [posture_stabilizer]: time=11.03, roll=-0.47, pitch=1.43[0m
[0m[INFO] [1777689203.833173188] [posture_stabilizer]: time=11.06, roll=-0.47, pitch=1.41[0m
[0m[INFO] [1777689203.867998981] [posture_stabilizer]: time=11.10, roll=-0.46, pitch=1.42[0m
[0m[INFO] [1777689203.903693812] [posture_stabilizer]: time=11.13, roll=-0.46, pitch=1.44[0m
[0m[INFO] [1777689203.938739697] [posture_stabilizer]: time=11.17, roll=-0.46, pitch=1.47[0m
[0m[INFO] [1777689203.974073676] [posture_stabilizer]: time=11.20, roll=-0.46, pitch=1.46[0m
[0m[INFO] [1777689204.009063395] [posture_stabilizer]: time=11.24, roll=-0.46, pitch=1.45[0m
[0m[INFO] [1777689204.043997409] [posture_stabilizer]: time=11.27, roll=-0.45, pitch=1.44[0m
[0m[INFO] [1777689204.079637518] [posture_stabilizer]: time=11.31, roll=-0.44, pitch=1.45[0m
[0m[INFO] [1777689204.114764608] [posture_stabilizer]: time=11.34, roll=-0.44, pitch=1.46[0m
[0m[INFO] [1777689204.149636900] [posture_stabilizer]: time=11.38, roll=-0.46, pitch=1.47[0m
[0m[INFO] [1777689204.185556436] [posture_stabilizer]: time=11.41, roll=-0.46, pitch=1.47[0m
[0m[INFO] [1777689204.227153464] [posture_stabilizer]: time=11.45, roll=-0.46, pitch=1.47[0m
[0m[INFO] [1777689204.263747075] [posture_stabilizer]: time=11.49, roll=-0.45, pitch=1.46[0m
[0m[INFO] [1777689204.299002331] [posture_stabilizer]: time=11.53, roll=-0.45, pitch=1.46[0m
[0m[INFO] [1777689204.334778051] [posture_stabilizer]: time=11.56, roll=-0.45, pitch=1.45[0m
[0m[INFO] [1777689204.370080215] [posture_stabilizer]: time=11.60, roll=-0.45, pitch=1.45[0m
[0m[INFO] [1777689204.404410747] [posture_stabilizer]: time=11.63, roll=-0.45, pitch=1.43[0m
[0m[INFO] [1777689204.438720279] [posture_stabilizer]: time=11.67, roll=-0.44, pitch=1.41[0m
[0m[INFO] [1777689204.473363923] [posture_stabilizer]: time=11.70, roll=-0.41, pitch=1.42[0m
[0m[INFO] [1777689204.505913581] [posture_stabilizer]: time=11.74, roll=-0.37, pitch=1.45[0m
[0m[INFO] [1777689204.538409702] [posture_stabilizer]: time=11.77, roll=-0.28, pitch=1.51[0m
[0m[INFO] [1777689204.570692027] [posture_stabilizer]: time=11.80, roll=-0.11, pitch=1.60[0m
[0m[INFO] [1777689204.603438537] [posture_stabilizer]: time=11.84, roll=0.14, pitch=1.74[0m
[0m[INFO] [1777689204.638116163] [posture_stabilizer]: time=11.87, roll=0.63, pitch=1.99[0m
[0m[INFO] [1777689204.674086032] [posture_stabilizer]: time=11.90, roll=1.04, pitch=2.14[0m
[0m[INFO] [1777689204.708596342] [posture_stabilizer]: time=11.94, roll=1.57, pitch=2.16[0m
[0m[INFO] [1777689204.743709302] [posture_stabilizer]: time=11.97, roll=1.86, pitch=2.13[0m
[0m[INFO] [1777689204.780359894] [posture_stabilizer]: time=12.01, roll=2.15, pitch=2.05[0m
[0m[INFO] [1777689204.817038172] [posture_stabilizer]: time=12.05, roll=2.13, pitch=1.90[0m
[0m[INFO] [1777689204.852668521] [posture_stabilizer]: time=12.08, roll=1.87, pitch=1.61[0m
[0m[INFO] [1777689204.887244072] [posture_stabilizer]: time=12.12, roll=1.82, pitch=1.70[0m
[0m[INFO] [1777689204.922371625] [posture_stabilizer]: time=12.15, roll=1.92, pitch=1.77[0m
[0m[INFO] [1777689204.959532977] [posture_stabilizer]: time=12.19, roll=2.18, pitch=1.87[0m
[0m[INFO] [1777689204.995870291] [posture_stabilizer]: time=12.22, roll=2.35, pitch=1.94[0m
[0m[INFO] [1777689205.032857662] [posture_stabilizer]: time=12.26, roll=2.60, pitch=1.97[0m
[0m[INFO] [1777689205.069225402] [posture_stabilizer]: time=12.30, roll=2.84, pitch=1.96[0m
[0m[INFO] [1777689205.105574550] [posture_stabilizer]: time=12.33, roll=2.94, pitch=1.95[0m
[0m[INFO] [1777689205.141836641] [posture_stabilizer]: time=12.37, roll=3.05, pitch=1.98[0m
[0m[INFO] [1777689205.178101862] [posture_stabilizer]: time=12.41, roll=3.12, pitch=2.00[0m
[0m[INFO] [1777689205.215163085] [posture_stabilizer]: time=12.44, roll=3.12, pitch=2.12[0m
[0m[INFO] [1777689205.254367998] [posture_stabilizer]: time=12.48, roll=3.16, pitch=2.21[0m
[0m[INFO] [1777689205.290707127] [posture_stabilizer]: time=12.52, roll=3.22, pitch=2.26[0m
[0m[INFO] [1777689205.326676440] [posture_stabilizer]: time=12.56, roll=3.21, pitch=2.28[0m
[0m[INFO] [1777689205.363711255] [posture_stabilizer]: time=12.59, roll=3.17, pitch=2.28[0m
[0m[INFO] [1777689205.400123792] [posture_stabilizer]: time=12.63, roll=3.17, pitch=2.35[0m
[0m[INFO] [1777689205.435833641] [posture_stabilizer]: time=12.66, roll=3.38, pitch=2.38[0m
[0m[INFO] [1777689205.472829734] [posture_stabilizer]: time=12.70, roll=3.69, pitch=2.36[0m
[0m[INFO] [1777689205.508732455] [posture_stabilizer]: time=12.74, roll=4.00, pitch=2.34[0m
[0m[INFO] [1777689205.544292971] [posture_stabilizer]: time=12.77, roll=4.18, pitch=2.30[0m
[0m[INFO] [1777689205.579317282] [posture_stabilizer]: time=12.81, roll=4.16, pitch=2.23[0m
[0m[INFO] [1777689205.616587543] [posture_stabilizer]: time=12.84, roll=3.93, pitch=2.13[0m
[0m[INFO] [1777689205.651985633] [posture_stabilizer]: time=12.88, roll=3.63, pitch=1.98[0m
[0m[INFO] [1777689205.688735188] [posture_stabilizer]: time=12.92, roll=3.56, pitch=1.86[0m
[0m[INFO] [1777689205.724369760] [posture_stabilizer]: time=12.95, roll=3.53, pitch=1.81[0m
[0m[INFO] [1777689205.760313851] [posture_stabilizer]: time=12.99, roll=3.55, pitch=1.83[0m
[0m[INFO] [1777689205.796642035] [posture_stabilizer]: time=13.02, roll=3.57, pitch=1.87[0m
[0m[INFO] [1777689205.834039351] [posture_stabilizer]: time=13.06, roll=3.68, pitch=1.92[0m
[0m[INFO] [1777689205.872903263] [posture_stabilizer]: time=13.10, roll=3.90, pitch=1.99[0m
[0m[INFO] [1777689205.909232022] [posture_stabilizer]: time=13.14, roll=4.08, pitch=2.03[0m
[0m[INFO] [1777689205.944564797] [posture_stabilizer]: time=13.17, roll=4.32, pitch=2.03[0m
[0m[INFO] [1777689205.980186831] [posture_stabilizer]: time=13.21, roll=4.55, pitch=1.98[0m
[0m[INFO] [1777689206.015158920] [posture_stabilizer]: time=13.24, roll=4.68, pitch=1.98[0m
[0m[INFO] [1777689206.051098826] [posture_stabilizer]: time=13.28, roll=4.90, pitch=2.01[0m
[0m[INFO] [1777689206.086574027] [posture_stabilizer]: time=13.32, roll=4.96, pitch=2.01[0m
[0m[INFO] [1777689206.122482859] [posture_stabilizer]: time=13.35, roll=4.79, pitch=2.14[0m
[0m[INFO] [1777689206.157535707] [posture_stabilizer]: time=13.39, roll=4.71, pitch=2.17[0m
[0m[INFO] [1777689206.192362352] [posture_stabilizer]: time=13.42, roll=4.75, pitch=2.12[0m
[0m[INFO] [1777689206.228015312] [posture_stabilizer]: time=13.46, roll=4.82, pitch=2.02[0m
[0m[INFO] [1777689206.262928272] [posture_stabilizer]: time=13.49, roll=4.87, pitch=1.99[0m
[0m[INFO] [1777689206.298097639] [posture_stabilizer]: time=13.53, roll=4.92, pitch=1.99[0m
[0m[INFO] [1777689206.333704099] [posture_stabilizer]: time=13.56, roll=4.98, pitch=2.05[0m
[0m[INFO] [1777689206.368774800] [posture_stabilizer]: time=13.60, roll=4.99, pitch=2.09[0m
[0m[INFO] [1777689206.404496576] [posture_stabilizer]: time=13.63, roll=5.02, pitch=2.12[0m
[0m[INFO] [1777689206.440449167] [posture_stabilizer]: time=13.67, roll=5.09, pitch=2.10[0m
[0m[INFO] [1777689206.476138961] [posture_stabilizer]: time=13.71, roll=5.12, pitch=2.07[0m
[0m[INFO] [1777689206.511530754] [posture_stabilizer]: time=13.74, roll=5.22, pitch=2.04[0m
[0m[INFO] [1777689206.547120104] [posture_stabilizer]: time=13.78, roll=5.33, pitch=2.00[0m
[0m[INFO] [1777689206.583411603] [posture_stabilizer]: time=13.81, roll=5.45, pitch=1.98[0m
[0m[INFO] [1777689206.619262101] [posture_stabilizer]: time=13.85, roll=5.47, pitch=2.00[0m
[0m[INFO] [1777689206.654768876] [posture_stabilizer]: time=13.88, roll=5.46, pitch=2.07[0m
[0m[INFO] [1777689206.690030484] [posture_stabilizer]: time=13.92, roll=5.43, pitch=2.11[0m
[0m[INFO] [1777689206.725264648] [posture_stabilizer]: time=13.95, roll=5.42, pitch=2.24[0m
[0m[INFO] [1777689206.760149885] [posture_stabilizer]: time=13.99, roll=5.50, pitch=2.33[0m
[0m[INFO] [1777689206.795029400] [posture_stabilizer]: time=14.02, roll=5.61, pitch=2.26[0m
[0m[INFO] [1777689206.830559805] [posture_stabilizer]: time=14.06, roll=5.82, pitch=2.11[0m
[0m[INFO] [1777689206.865579561] [posture_stabilizer]: time=14.10, roll=5.92, pitch=2.02[0m
[0m[INFO] [1777689206.901351929] [posture_stabilizer]: time=14.13, roll=5.80, pitch=1.99[0m
[0m[INFO] [1777689206.937037149] [posture_stabilizer]: time=14.17, roll=5.58, pitch=1.96[0m
[0m[INFO] [1777689206.972622739] [posture_stabilizer]: time=14.20, roll=5.28, pitch=2.00[0m
[0m[INFO] [1777689207.008343996] [posture_stabilizer]: time=14.24, roll=5.17, pitch=1.98[0m
[0m[INFO] [1777689207.043760049] [posture_stabilizer]: time=14.27, roll=5.12, pitch=1.90[0m
[0m[INFO] [1777689207.079980104] [posture_stabilizer]: time=14.31, roll=5.18, pitch=1.88[0m
[0m[INFO] [1777689207.117017771] [posture_stabilizer]: time=14.34, roll=5.25, pitch=1.90[0m
[0m[INFO] [1777689207.154377883] [posture_stabilizer]: time=14.38, roll=5.38, pitch=1.96[0m
[0m[INFO] [1777689207.191917718] [posture_stabilizer]: time=14.42, roll=5.54, pitch=1.98[0m
[0m[INFO] [1777689207.226848178] [posture_stabilizer]: time=14.46, roll=5.66, pitch=1.96[0m
[0m[INFO] [1777689207.261765804] [posture_stabilizer]: time=14.49, roll=5.82, pitch=1.90[0m
[0m[INFO] [1777689207.297299301] [posture_stabilizer]: time=14.53, roll=5.91, pitch=1.89[0m
[0m[INFO] [1777689207.332038705] [posture_stabilizer]: time=14.56, roll=5.95, pitch=1.91[0m
[0m[INFO] [1777689207.367075794] [posture_stabilizer]: time=14.60, roll=5.95, pitch=1.95[0m
[0m[INFO] [1777689207.401915586] [posture_stabilizer]: time=14.63, roll=5.93, pitch=1.98[0m
[0m[INFO] [1777689207.437823918] [posture_stabilizer]: time=14.67, roll=5.90, pitch=1.97[0m
[0m[INFO] [1777689207.473959676] [posture_stabilizer]: time=14.70, roll=5.84, pitch=1.96[0m
[0m[INFO] [1777689207.509002839] [posture_stabilizer]: time=14.74, roll=5.80, pitch=1.94[0m
[0m[INFO] [1777689207.544340373] [posture_stabilizer]: time=14.77, roll=5.78, pitch=1.95[0m
[0m[INFO] [1777689207.579631481] [posture_stabilizer]: time=14.81, roll=5.83, pitch=1.95[0m
[0m[INFO] [1777689207.614866108] [posture_stabilizer]: time=14.84, roll=5.90, pitch=1.95[0m
[0m[INFO] [1777689207.649768419] [posture_stabilizer]: time=14.88, roll=6.00, pitch=1.94[0m
[0m[INFO] [1777689207.685394620] [posture_stabilizer]: time=14.91, roll=6.08, pitch=1.93[0m
[0m[INFO] [1777689207.719352559] [posture_stabilizer]: time=14.95, roll=6.14, pitch=1.94[0m
[0m[INFO] [1777689207.754048500] [posture_stabilizer]: time=14.98, roll=6.16, pitch=1.95[0m
[0m[INFO] [1777689207.789099626] [posture_stabilizer]: time=15.02, roll=6.18, pitch=1.97[0m
[0m[INFO] [1777689207.824164122] [posture_stabilizer]: time=15.05, roll=6.18, pitch=1.96[0m
[0m[INFO] [1777689207.859993232] [posture_stabilizer]: time=15.09, roll=6.12, pitch=1.96[0m
[0m[INFO] [1777689207.896103934] [posture_stabilizer]: time=15.12, roll=6.04, pitch=1.98[0m
[0m[INFO] [1777689207.931605283] [posture_stabilizer]: time=15.16, roll=5.98, pitch=2.02[0m
[0m[INFO] [1777689207.966479983] [posture_stabilizer]: time=15.20, roll=5.95, pitch=2.09[0m
[0m[INFO] [1777689208.001240368] [posture_stabilizer]: time=15.23, roll=5.94, pitch=2.21[0m
[0m[INFO] [1777689208.035830586] [posture_stabilizer]: time=15.27, roll=5.95, pitch=2.29[0m
[0m[INFO] [1777689208.070077859] [posture_stabilizer]: time=15.30, roll=5.98, pitch=2.28[0m
[0m[INFO] [1777689208.104884170] [posture_stabilizer]: time=15.33, roll=6.00, pitch=2.21[0m
[0m[INFO] [1777689208.139301832] [posture_stabilizer]: time=15.37, roll=5.97, pitch=2.12[0m
[0m[INFO] [1777689208.174079994] [posture_stabilizer]: time=15.40, roll=5.88, pitch=2.03[0m
[0m[INFO] [1777689208.208795676] [posture_stabilizer]: time=15.44, roll=5.86, pitch=2.01[0m
[0m[INFO] [1777689208.244235840] [posture_stabilizer]: time=15.47, roll=5.85, pitch=2.04[0m
[0m[INFO] [1777689208.278823465] [posture_stabilizer]: time=15.51, roll=5.89, pitch=2.06[0m
[0m[INFO] [1777689208.314014573] [posture_stabilizer]: time=15.54, roll=6.04, pitch=2.11[0m
[0m[INFO] [1777689208.350204109] [posture_stabilizer]: time=15.58, roll=6.16, pitch=2.12[0m
[0m[INFO] [1777689208.385016197] [posture_stabilizer]: time=15.61, roll=6.31, pitch=2.10[0m
[0m[INFO] [1777689208.421683734] [posture_stabilizer]: time=15.65, roll=6.41, pitch=2.07[0m
[0m[INFO] [1777689208.458356104] [posture_stabilizer]: time=15.69, roll=6.53, pitch=2.06[0m
[0m[INFO] [1777689208.495503327] [posture_stabilizer]: time=15.72, roll=6.59, pitch=2.08[0m
[0m[INFO] [1777689208.531849586] [posture_stabilizer]: time=15.76, roll=6.60, pitch=2.09[0m
[0m[INFO] [1777689208.567960418] [posture_stabilizer]: time=15.80, roll=6.65, pitch=2.09[0m
[0m[INFO] [1777689208.604167343] [posture_stabilizer]: time=15.83, roll=6.66, pitch=2.07[0m
[0m[INFO] [1777689208.640282267] [posture_stabilizer]: time=15.87, roll=6.64, pitch=2.03[0m
[0m[INFO] [1777689208.676605341] [posture_stabilizer]: time=15.90, roll=6.73, pitch=1.98[0m
[0m[INFO] [1777689208.712284727] [posture_stabilizer]: time=15.94, roll=6.85, pitch=1.97[0m
[0m[INFO] [1777689208.747944725] [posture_stabilizer]: time=15.98, roll=6.99, pitch=1.97[0m
[0m[INFO] [1777689208.783888964] [posture_stabilizer]: time=16.01, roll=7.15, pitch=2.00[0m
[0m[INFO] [1777689208.820388723] [posture_stabilizer]: time=16.05, roll=7.14, pitch=2.09[0m
[0m[INFO] [1777689208.858014892] [posture_stabilizer]: time=16.09, roll=7.07, pitch=2.10[0m
[0m[INFO] [1777689208.895342522] [posture_stabilizer]: time=16.12, roll=7.03, pitch=2.06[0m
[0m[INFO] [1777689208.932278986] [posture_stabilizer]: time=16.16, roll=7.15, pitch=1.91[0m
[0m[INFO] [1777689208.969463783] [posture_stabilizer]: time=16.20, roll=7.27, pitch=1.81[0m
[0m[INFO] [1777689209.006601358] [posture_stabilizer]: time=16.23, roll=7.45, pitch=1.74[0m
[0m[INFO] [1777689209.042422745] [posture_stabilizer]: time=16.27, roll=7.60, pitch=1.79[0m
[0m[INFO] [1777689209.077947298] [posture_stabilizer]: time=16.31, roll=7.66, pitch=1.83[0m
[0m[INFO] [1777689209.113582499] [posture_stabilizer]: time=16.34, roll=7.60, pitch=1.90[0m
[0m[INFO] [1777689209.149419590] [posture_stabilizer]: time=16.38, roll=7.41, pitch=2.02[0m
[0m[INFO] [1777689209.185324922] [posture_stabilizer]: time=16.41, roll=7.22, pitch=2.09[0m
[0m[INFO] [1777689209.227864026] [posture_stabilizer]: time=16.45, roll=7.20, pitch=2.09[0m
[0m[INFO] [1777689209.264428877] [posture_stabilizer]: time=16.49, roll=7.26, pitch=2.04[0m
[0m[INFO] [1777689209.299795375] [posture_stabilizer]: time=16.53, roll=7.35, pitch=2.02[0m
[0m[INFO] [1777689209.335595317] [posture_stabilizer]: time=16.56, roll=7.60, pitch=2.02[0m
[0m[INFO] [1777689209.372069798] [posture_stabilizer]: time=16.60, roll=7.87, pitch=2.03[0m
[0m[INFO] [1777689209.407669222] [posture_stabilizer]: time=16.64, roll=8.18, pitch=2.07[0m
[0m[INFO] [1777689209.442536662] [posture_stabilizer]: time=16.67, roll=8.32, pitch=2.08[0m
[0m[INFO] [1777689209.477696900] [posture_stabilizer]: time=16.71, roll=8.23, pitch=2.02[0m
[0m[INFO] [1777689209.513381620] [posture_stabilizer]: time=16.74, roll=7.82, pitch=1.88[0m
[0m[INFO] [1777689209.548414820] [posture_stabilizer]: time=16.78, roll=7.38, pitch=1.74[0m
[0m[INFO] [1777689209.584198929] [posture_stabilizer]: time=16.81, roll=6.91, pitch=1.62[0m
[0m[INFO] [1777689209.619545297] [posture_stabilizer]: time=16.85, roll=6.73, pitch=1.67[0m
[0m[INFO] [1777689209.653909070] [posture_stabilizer]: time=16.88, roll=6.44, pitch=1.66[0m
[0m[INFO] [1777689209.688919048] [posture_stabilizer]: time=16.92, roll=6.23, pitch=1.72[0m
[0m[INFO] [1777689209.724697490] [posture_stabilizer]: time=16.95, roll=5.85, pitch=1.84[0m
[0m[INFO] [1777689209.760875526] [posture_stabilizer]: time=16.99, roll=5.40, pitch=1.93[0m
[0m[INFO] [1777689209.797340192] [posture_stabilizer]: time=17.03, roll=4.75, pitch=2.00[0m
[0m[INFO] [1777689209.832834356] [posture_stabilizer]: time=17.06, roll=4.23, pitch=2.01[0m
[0m[INFO] [1777689209.869492615] [posture_stabilizer]: time=17.10, roll=3.92, pitch=1.87[0m
[0m[INFO] [1777689209.908147564] [posture_stabilizer]: time=17.13, roll=3.71, pitch=1.82[0m
[0m[INFO] [1777689209.944515470] [posture_stabilizer]: time=17.17, roll=3.45, pitch=1.65[0m
[0m[INFO] [1777689209.980813692] [posture_stabilizer]: time=17.21, roll=2.90, pitch=1.74[0m
[0m[INFO] [1777689210.018367175] [posture_stabilizer]: time=17.25, roll=2.13, pitch=1.88[0m
[0m[INFO] [1777689210.053047893] [posture_stabilizer]: time=17.28, roll=1.31, pitch=2.02[0m
[0m[INFO] [1777689210.088931854] [posture_stabilizer]: time=17.32, roll=0.77, pitch=2.07[0m
[0m[INFO] [1777689210.121616364] [posture_stabilizer]: time=17.35, roll=0.44, pitch=1.99[0m
[0m[INFO] [1777689210.156451268] [posture_stabilizer]: time=17.39, roll=0.43, pitch=1.87[0m
[0m[INFO] [1777689210.191570042] [posture_stabilizer]: time=17.42, roll=0.43, pitch=1.68[0m
[0m[INFO] [1777689210.226162057] [posture_stabilizer]: time=17.46, roll=0.14, pitch=1.59[0m
[0m[INFO] [1777689210.259416994] [posture_stabilizer]: time=17.49, roll=-0.31, pitch=1.63[0m
[0m[INFO] [1777689210.294299138] [posture_stabilizer]: time=17.52, roll=-0.83, pitch=1.57[0m
[0m[INFO] [1777689210.329552950] [posture_stabilizer]: time=17.56, roll=-1.01, pitch=1.51[0m
[0m[INFO] [1777689210.364775521] [posture_stabilizer]: time=17.59, roll=-1.03, pitch=1.45[0m
[0m[INFO] [1777689210.400553167] [posture_stabilizer]: time=17.63, roll=-0.82, pitch=1.49[0m
[0m[INFO] [1777689210.434039235] [posture_stabilizer]: time=17.67, roll=-0.44, pitch=1.61[0m
[0m[INFO] [1777689210.470914772] [posture_stabilizer]: time=17.70, roll=-0.29, pitch=1.62[0m
[0m[INFO] [1777689210.504714951] [posture_stabilizer]: time=17.74, roll=-0.21, pitch=1.56[0m
[0m[INFO] [1777689210.539014576] [posture_stabilizer]: time=17.77, roll=-0.25, pitch=1.53[0m
[0m[INFO] [1777689210.572337736] [posture_stabilizer]: time=17.80, roll=-0.29, pitch=1.54[0m
[0m[INFO] [1777689210.605400710] [posture_stabilizer]: time=17.84, roll=-0.32, pitch=1.55[0m
[0m[INFO] [1777689210.639297926] [posture_stabilizer]: time=17.87, roll=-0.37, pitch=1.55[0m
[0m[INFO] [1777689210.676459742] [posture_stabilizer]: time=17.90, roll=-0.40, pitch=1.54[0m
[0m[INFO] [1777689210.712383129] [posture_stabilizer]: time=17.94, roll=-0.41, pitch=1.53[0m
[0m[INFO] [1777689210.748630665] [posture_stabilizer]: time=17.98, roll=-0.41, pitch=1.52[0m
[0m[INFO] [1777689210.781539268] [posture_stabilizer]: time=18.01, roll=-0.40, pitch=1.54[0m
[0m[INFO] [1777689210.816306172] [posture_stabilizer]: time=18.05, roll=-0.40, pitch=1.55[0m
[0m[INFO] [1777689210.852417689] [posture_stabilizer]: time=18.08, roll=-0.41, pitch=1.55[0m
[0m[INFO] [1777689210.887634816] [posture_stabilizer]: time=18.12, roll=-0.41, pitch=1.56[0m
[0m[INFO] [1777689210.922906887] [posture_stabilizer]: time=18.15, roll=-0.41, pitch=1.55[0m
[0m[INFO] [1777689210.956346436] [posture_stabilizer]: time=18.19, roll=-0.40, pitch=1.53[0m
[0m[INFO] [1777689210.992057045] [posture_stabilizer]: time=18.22, roll=-0.41, pitch=1.55[0m
[0m[INFO] [1777689211.027708598] [posture_stabilizer]: time=18.26, roll=-0.46, pitch=1.65[0m
[0m[INFO] [1777689211.063587263] [posture_stabilizer]: time=18.29, roll=-0.43, pitch=1.67[0m
[0m[INFO] [1777689211.098335074] [posture_stabilizer]: time=18.33, roll=-0.41, pitch=1.68[0m
[0m[INFO] [1777689211.132354883] [posture_stabilizer]: time=18.36, roll=-0.34, pitch=1.73[0m
[0m[INFO] [1777689211.165156097] [posture_stabilizer]: time=18.40, roll=-0.29, pitch=1.71[0m
[0m[INFO] [1777689211.197803978] [posture_stabilizer]: time=18.43, roll=-0.26, pitch=1.78[0m
[0m[INFO] [1777689211.231581490] [posture_stabilizer]: time=18.46, roll=-0.15, pitch=1.85[0m
[0m[INFO] [1777689211.265644040] [posture_stabilizer]: time=18.50, roll=-0.09, pitch=1.84[0m
[0m[INFO] [1777689211.300066517] [posture_stabilizer]: time=18.53, roll=-0.09, pitch=1.86[0m
[0m[INFO] [1777689211.334059549] [posture_stabilizer]: time=18.56, roll=-0.08, pitch=1.91[0m
[0m[INFO] [1777689211.366841152] [posture_stabilizer]: time=18.60, roll=-0.03, pitch=1.96[0m
[0m[INFO] [1777689211.399659625] [posture_stabilizer]: time=18.63, roll=0.02, pitch=1.98[0m
[0m[INFO] [1777689211.432839414] [posture_stabilizer]: time=18.66, roll=0.08, pitch=1.94[0m
[0m[INFO] [1777689211.465406980] [posture_stabilizer]: time=18.70, roll=0.12, pitch=1.94[0m
[0m[INFO] [1777689211.498108916] [posture_stabilizer]: time=18.73, roll=0.15, pitch=1.94[0m
[0m[INFO] [1777689211.531763243] [posture_stabilizer]: time=18.76, roll=0.21, pitch=1.94[0m
[0m[INFO] [1777689211.564579421] [posture_stabilizer]: time=18.80, roll=0.27, pitch=1.98[0m
[0m[INFO] [1777689211.597097097] [posture_stabilizer]: time=18.83, roll=0.30, pitch=1.99[0m
[0m[INFO] [1777689211.630196460] [posture_stabilizer]: time=18.86, roll=0.35, pitch=2.01[0m
[0m[INFO] [1777689211.663040786] [posture_stabilizer]: time=18.89, roll=0.38, pitch=2.06[0m
[0m[INFO] [1777689211.696856391] [posture_stabilizer]: time=18.93, roll=0.38, pitch=2.08[0m
[0m[INFO] [1777689211.729544605] [posture_stabilizer]: time=18.96, roll=0.33, pitch=2.07[0m
[0m[INFO] [1777689211.762923932] [posture_stabilizer]: time=18.99, roll=0.35, pitch=2.07[0m
[0m[INFO] [1777689211.796261480] [posture_stabilizer]: time=19.03, roll=0.37, pitch=2.03[0m
[0m[INFO] [1777689211.832202590] [posture_stabilizer]: time=19.06, roll=0.44, pitch=2.08[0m
[0m[INFO] [1777689211.867928384] [posture_stabilizer]: time=19.10, roll=0.51, pitch=2.13[0m
[0m[INFO] [1777689211.904583587] [posture_stabilizer]: time=19.13, roll=0.58, pitch=2.07[0m
[0m[INFO] [1777689211.941453051] [posture_stabilizer]: time=19.17, roll=0.66, pitch=1.98[0m
[0m[INFO] [1777689211.976307936] [posture_stabilizer]: time=19.21, roll=0.74, pitch=1.97[0m
[0m[INFO] [1777689212.011695877] [posture_stabilizer]: time=19.24, roll=0.75, pitch=1.90[0m
[0m[INFO] [1777689212.048009284] [posture_stabilizer]: time=19.28, roll=0.80, pitch=1.79[0m
[0m[INFO] [1777689212.083272540] [posture_stabilizer]: time=19.31, roll=0.80, pitch=1.76[0m
[0m[INFO] [1777689212.118106166] [posture_stabilizer]: time=19.35, roll=0.76, pitch=1.70[0m
[0m[INFO] [1777689212.153214792] [posture_stabilizer]: time=19.38, roll=0.73, pitch=1.62[0m
[0m[INFO] [1777689212.188113288] [posture_stabilizer]: time=19.42, roll=0.75, pitch=1.60[0m
[0m[INFO] [1777689212.223083396] [posture_stabilizer]: time=19.45, roll=0.77, pitch=1.63[0m
[0m[INFO] [1777689212.258373837] [posture_stabilizer]: time=19.49, roll=0.82, pitch=1.67[0m
[0m[INFO] [1777689212.293350797] [posture_stabilizer]: time=19.52, roll=0.87, pitch=1.71[0m
[0m[INFO] [1777689212.328128719] [posture_stabilizer]: time=19.56, roll=0.88, pitch=1.79[0m
[0m[INFO] [1777689212.363761087] [posture_stabilizer]: time=19.59, roll=0.90, pitch=1.80[0m
[0m[INFO] [1777689212.399639011] [posture_stabilizer]: time=19.63, roll=1.01, pitch=1.73[0m
[0m[INFO] [1777689212.435310064] [posture_stabilizer]: time=19.66, roll=1.08, pitch=1.67[0m
[0m[INFO] [1777689212.470312728] [posture_stabilizer]: time=19.70, roll=1.12, pitch=1.63[0m
[0m[INFO] [1777689212.505197409] [posture_stabilizer]: time=19.73, roll=1.17, pitch=1.61[0m
[0m[INFO] [1777689212.540894462] [posture_stabilizer]: time=19.77, roll=1.20, pitch=1.59[0m
[0m[INFO] [1777689212.575728625] [posture_stabilizer]: time=19.81, roll=1.21, pitch=1.64[0m
[0m[INFO] [1777689212.610570010] [posture_stabilizer]: time=19.84, roll=1.14, pitch=1.72[0m
[0m[INFO] [1777689212.646979269] [posture_stabilizer]: time=19.88, roll=1.09, pitch=1.73[0m
[0m[INFO] [1777689212.682634729] [posture_stabilizer]: time=19.91, roll=1.03, pitch=1.71[0m
[0m[INFO] [1777689212.718254672] [posture_stabilizer]: time=19.95, roll=1.07, pitch=1.68[0m
[0m[INFO] [1777689212.753842966] [posture_stabilizer]: time=19.98, roll=1.13, pitch=1.63[0m
[0m[INFO] [1777689212.788789906] [posture_stabilizer]: time=20.02, roll=1.19, pitch=1.58[0m
[0m[INFO] [1777689212.823853514] [posture_stabilizer]: time=20.05, roll=1.19, pitch=1.55[0m
[0m[INFO] [1777689212.858952196] [posture_stabilizer]: time=20.09, roll=1.21, pitch=1.60[0m
[0m[INFO] [1777689212.893952655] [posture_stabilizer]: time=20.12, roll=1.22, pitch=1.62[0m
[0m[INFO] [1777689212.929430931] [posture_stabilizer]: time=20.16, roll=1.22, pitch=1.62[0m
[0m[INFO] [1777689212.964393631] [posture_stabilizer]: time=20.19, roll=1.20, pitch=1.60[0m
[0m[INFO] [1777689212.999836091] [posture_stabilizer]: time=20.23, roll=1.20, pitch=1.60[0m
[0m[INFO] [1777689213.035047625] [posture_stabilizer]: time=20.26, roll=1.19, pitch=1.61[0m
[0m[INFO] [1777689213.071600958] [posture_stabilizer]: time=20.30, roll=1.08, pitch=1.49[0m
[0m[INFO] [1777689213.106818566] [posture_stabilizer]: time=20.34, roll=1.01, pitch=1.32[0m
[0m[INFO] [1777689213.141621951] [posture_stabilizer]: time=20.37, roll=0.95, pitch=1.19[0m
[0m[INFO] [1777689213.177046541] [posture_stabilizer]: time=20.41, roll=0.99, pitch=1.14[0m
[0m[INFO] [1777689213.211787814] [posture_stabilizer]: time=20.44, roll=1.00, pitch=1.21[0m
[0m[INFO] [1777689213.246615662] [posture_stabilizer]: time=20.48, roll=1.01, pitch=1.32[0m
[0m[INFO] [1777689213.281296917] [posture_stabilizer]: time=20.51, roll=1.06, pitch=1.31[0m
[0m[INFO] [1777689213.316833415] [posture_stabilizer]: time=20.55, roll=1.05, pitch=1.29[0m
[0m[INFO] [1777689213.352065986] [posture_stabilizer]: time=20.58, roll=1.07, pitch=1.28[0m
[0m[INFO] [1777689213.386976353] [posture_stabilizer]: time=20.62, roll=1.06, pitch=1.22[0m
[0m[INFO] [1777689213.422509832] [posture_stabilizer]: time=20.65, roll=1.06, pitch=1.19[0m
[0m[INFO] [1777689213.458052163] [posture_stabilizer]: time=20.69, roll=1.06, pitch=1.17[0m
[0m[INFO] [1777689213.493409845] [posture_stabilizer]: time=20.72, roll=1.07, pitch=1.16[0m
[0m[INFO] [1777689213.528454453] [posture_stabilizer]: time=20.76, roll=1.08, pitch=1.12[0m
[0m[INFO] [1777689213.563193745] [posture_stabilizer]: time=20.79, roll=1.10, pitch=1.11[0m
[0m[INFO] [1777689213.597685648] [posture_stabilizer]: time=20.83, roll=1.13, pitch=1.10[0m
[0m[INFO] [1777689213.632524718] [posture_stabilizer]: time=20.86, roll=1.17, pitch=1.08[0m
[0m[INFO] [1777689213.667259825] [posture_stabilizer]: time=20.90, roll=1.24, pitch=1.13[0m
[0m[INFO] [1777689213.702634729] [posture_stabilizer]: time=20.93, roll=1.24, pitch=1.17[0m
[0m[INFO] [1777689213.737659744] [posture_stabilizer]: time=20.97, roll=1.24, pitch=1.24[0m
[0m[INFO] [1777689213.773128575] [posture_stabilizer]: time=21.00, roll=1.19, pitch=1.27[0m
[0m[INFO] [1777689213.809019851] [posture_stabilizer]: time=21.04, roll=1.19, pitch=1.27[0m
[0m[INFO] [1777689213.844627127] [posture_stabilizer]: time=21.07, roll=1.20, pitch=1.24[0m
[0m[INFO] [1777689213.879297919] [posture_stabilizer]: time=21.11, roll=1.19, pitch=1.18[0m
[0m[INFO] [1777689213.915601603] [posture_stabilizer]: time=21.14, roll=1.15, pitch=1.20[0m
[0m[INFO] [1777689213.950314284] [posture_stabilizer]: time=21.18, roll=1.11, pitch=1.17[0m
[0m[INFO] [1777689213.985140021] [posture_stabilizer]: time=21.21, roll=1.11, pitch=1.14[0m
[0m[INFO] [1777689214.019734757] [posture_stabilizer]: time=21.25, roll=1.12, pitch=1.15[0m
[0m[INFO] [1777689214.055296218] [posture_stabilizer]: time=21.28, roll=1.13, pitch=1.11[0m
[0m[INFO] [1777689214.090060714] [posture_stabilizer]: time=21.32, roll=1.13, pitch=1.02[0m
[0m[INFO] [1777689214.124912414] [posture_stabilizer]: time=21.35, roll=1.11, pitch=1.01[0m
[0m[INFO] [1777689214.159978392] [posture_stabilizer]: time=21.39, roll=1.09, pitch=1.12[0m
[0m[INFO] [1777689214.196345891] [posture_stabilizer]: time=21.42, roll=1.09, pitch=1.24[0m
[0m[INFO] [1777689214.236057712] [posture_stabilizer]: time=21.46, roll=1.05, pitch=1.32[0m
[0m[INFO] [1777689214.271296412] [posture_stabilizer]: time=21.50, roll=1.00, pitch=1.30[0m
[0m[INFO] [1777689214.307070022] [posture_stabilizer]: time=21.54, roll=0.95, pitch=1.26[0m
[0m[INFO] [1777689214.342962631] [posture_stabilizer]: time=21.57, roll=0.93, pitch=1.25[0m
[0m[INFO] [1777689214.378946352] [posture_stabilizer]: time=21.61, roll=0.90, pitch=1.30[0m
[0m[INFO] [1777689214.414095478] [posture_stabilizer]: time=21.64, roll=0.88, pitch=1.35[0m
[0m[INFO] [1777689214.449831994] [posture_stabilizer]: time=21.68, roll=0.86, pitch=1.37[0m
[0m[INFO] [1777689214.485525863] [posture_stabilizer]: time=21.71, roll=0.83, pitch=1.35[0m
[0m[INFO] [1777689214.520871082] [posture_stabilizer]: time=21.75, roll=0.80, pitch=1.32[0m
[0m[INFO] [1777689214.557478304] [posture_stabilizer]: time=21.79, roll=0.79, pitch=1.30[0m
[0m[INFO] [1777689214.594179896] [posture_stabilizer]: time=21.82, roll=0.81, pitch=1.25[0m
[0m[INFO] [1777689214.631390490] [posture_stabilizer]: time=21.86, roll=0.82, pitch=1.23[0m
[0m[INFO] [1777689214.666929450] [posture_stabilizer]: time=21.90, roll=0.85, pitch=1.21[0m
[0m[INFO] [1777689214.702122651] [posture_stabilizer]: time=21.93, roll=0.97, pitch=1.06[0m
[0m[INFO] [1777689214.737484648] [posture_stabilizer]: time=21.97, roll=1.07, pitch=0.87[0m
[0m[INFO] [1777689214.771617254] [posture_stabilizer]: time=22.00, roll=1.09, pitch=0.50[0m
[0m[INFO] [1777689214.805320526] [posture_stabilizer]: time=22.04, roll=1.12, pitch=0.12[0m
[0m[INFO] [1777689214.836232810] [posture_stabilizer]: time=22.07, roll=1.18, pitch=-0.37[0m
[0m[INFO] [1777689214.866642594] [posture_stabilizer]: time=22.10, roll=1.21, pitch=-0.58[0m
[0m[INFO] [1777689214.896759636] [posture_stabilizer]: time=22.13, roll=1.18, pitch=-0.55[0m
[0m[INFO] [1777689214.928734367] [posture_stabilizer]: time=22.16, roll=1.17, pitch=-0.34[0m
[0m[INFO] [1777689214.962649602] [posture_stabilizer]: time=22.19, roll=1.17, pitch=-0.10[0m
[0m[INFO] [1777689214.996571115] [posture_stabilizer]: time=22.23, roll=1.19, pitch=-0.28[0m
[0m[INFO] [1777689215.027972141] [posture_stabilizer]: time=22.26, roll=1.16, pitch=-0.71[0m
[0m[INFO] [1777689215.058545647] [posture_stabilizer]: time=22.29, roll=1.13, pitch=-1.21[0m
[0m[INFO] [1777689215.087817706] [posture_stabilizer]: time=22.32, roll=1.08, pitch=-1.71[0m
[0m[INFO] [1777689215.117865396] [posture_stabilizer]: time=22.35, roll=1.04, pitch=-2.11[0m
[0m[INFO] [1777689215.147362900] [posture_stabilizer]: time=22.38, roll=1.00, pitch=-2.28[0m
[0m[INFO] [1777689215.177053312] [posture_stabilizer]: time=22.41, roll=0.95, pitch=-2.16[0m
[0m[INFO] [1777689215.206308371] [posture_stabilizer]: time=22.44, roll=0.91, pitch=-2.05[0m
[0m[INFO] [1777689215.237797971] [posture_stabilizer]: time=22.47, roll=0.89, pitch=-2.00[0m
[0m[INFO] [1777689215.267446494] [posture_stabilizer]: time=22.50, roll=0.86, pitch=-2.15[0m
[0m[INFO] [1777689215.299395947] [posture_stabilizer]: time=22.53, roll=0.81, pitch=-2.40[0m
[0m[INFO] [1777689215.328125579] [posture_stabilizer]: time=22.56, roll=0.79, pitch=-2.49[0m
[0m[INFO] [1777689215.358339955] [posture_stabilizer]: time=22.59, roll=0.79, pitch=-2.64[0m
[0m[INFO] [1777689215.387109402] [posture_stabilizer]: time=22.62, roll=0.77, pitch=-2.76[0m
[0m[INFO] [1777689215.416407738] [posture_stabilizer]: time=22.65, roll=0.81, pitch=-2.80[0m
[0m[INFO] [1777689215.445302945] [posture_stabilizer]: time=22.68, roll=0.86, pitch=-2.85[0m
[0m[INFO] [1777689215.474423281] [posture_stabilizer]: time=22.71, roll=0.84, pitch=-2.95[0m
[0m[INFO] [1777689215.503957063] [posture_stabilizer]: time=22.74, roll=0.84, pitch=-3.01[0m
[0m[INFO] [1777689215.533643827] [posture_stabilizer]: time=22.77, roll=0.85, pitch=-3.07[0m
[0m[INFO] [1777689215.562584033] [posture_stabilizer]: time=22.80, roll=0.83, pitch=-3.08[0m
[0m[INFO] [1777689215.593132761] [posture_stabilizer]: time=22.83, roll=0.78, pitch=-2.98[0m
[0m[INFO] [1777689215.623184618] [posture_stabilizer]: time=22.86, roll=0.72, pitch=-2.99[0m
[0m[INFO] [1777689215.652644992] [posture_stabilizer]: time=22.89, roll=0.64, pitch=-3.04[0m
[0m[INFO] [1777689215.682747683] [posture_stabilizer]: time=22.92, roll=0.64, pitch=-3.14[0m
[0m[INFO] [1777689215.711764019] [posture_stabilizer]: time=22.95, roll=0.67, pitch=-3.36[0m
[0m[INFO] [1777689215.741999191] [posture_stabilizer]: time=22.98, roll=0.62, pitch=-3.71[0m
[0m[INFO] [1777689215.775695185] [posture_stabilizer]: time=23.01, roll=0.55, pitch=-4.16[0m
[0m[INFO] [1777689215.809681068] [posture_stabilizer]: time=23.04, roll=0.49, pitch=-4.57[0m
[0m[INFO] [1777689215.843642470] [posture_stabilizer]: time=23.07, roll=0.47, pitch=-4.55[0m
[0m[INFO] [1777689215.874524736] [posture_stabilizer]: time=23.11, roll=0.58, pitch=-4.21[0m
[0m[INFO] [1777689215.904892815] [posture_stabilizer]: time=23.14, roll=0.68, pitch=-3.95[0m
[0m[INFO] [1777689215.934679487] [posture_stabilizer]: time=23.17, roll=0.76, pitch=-3.86[0m
[0m[INFO] [1777689215.964389565] [posture_stabilizer]: time=23.20, roll=0.78, pitch=-3.83[0m
[0m[INFO] [1777689215.994398885] [posture_stabilizer]: time=23.23, roll=0.79, pitch=-3.80[0m
[0m[INFO] [1777689216.024443723] [posture_stabilizer]: time=23.26, roll=0.79, pitch=-3.77[0m
[0m[INFO] [1777689216.054377802] [posture_stabilizer]: time=23.29, roll=0.74, pitch=-3.73[0m
[0m[INFO] [1777689216.085921291] [posture_stabilizer]: time=23.32, roll=0.71, pitch=-3.63[0m
[0m[INFO] [1777689216.115150758] [posture_stabilizer]: time=23.35, roll=0.69, pitch=-3.49[0m
[0m[INFO] [1777689216.145380226] [posture_stabilizer]: time=23.38, roll=0.66, pitch=-3.37[0m
[0m[INFO] [1777689216.175040934] [posture_stabilizer]: time=23.41, roll=0.64, pitch=-3.26[0m
[0m[INFO] [1777689216.203927529] [posture_stabilizer]: time=23.44, roll=0.64, pitch=-3.23[0m
[0m[INFO] [1777689216.233279866] [posture_stabilizer]: time=23.47, roll=0.62, pitch=-3.27[0m
[0m[INFO] [1777689216.261420071] [posture_stabilizer]: time=23.50, roll=0.62, pitch=-3.36[0m
[0m[INFO] [1777689216.291150297] [posture_stabilizer]: time=23.53, roll=0.61, pitch=-3.56[0m
[0m[INFO] [1777689216.321429525] [posture_stabilizer]: time=23.56, roll=0.59, pitch=-3.82[0m
[0m[INFO] [1777689216.351414808] [posture_stabilizer]: time=23.59, roll=0.55, pitch=-3.92[0m
[0m[INFO] [1777689216.385711025] [posture_stabilizer]: time=23.62, roll=0.53, pitch=-3.96[0m
[0m[INFO] [1777689216.418509573] [posture_stabilizer]: time=23.65, roll=0.49, pitch=-3.95[0m
[0m[INFO] [1777689216.450297266] [posture_stabilizer]: time=23.68, roll=0.51, pitch=-3.89[0m
[0m[INFO] [1777689216.481340236] [posture_stabilizer]: time=23.72, roll=0.54, pitch=-3.90[0m
[0m[INFO] [1777689216.515510453] [posture_stabilizer]: time=23.75, roll=0.52, pitch=-4.00[0m
[0m[INFO] [1777689216.548010556] [posture_stabilizer]: time=23.78, roll=0.57, pitch=-4.18[0m
[0m[INFO] [1777689216.580174787] [posture_stabilizer]: time=23.81, roll=0.58, pitch=-4.33[0m
[0m[INFO] [1777689216.612502760] [posture_stabilizer]: time=23.84, roll=0.59, pitch=-4.48[0m
[0m[INFO] [1777689216.644623343] [posture_stabilizer]: time=23.88, roll=0.58, pitch=-4.63[0m
[0m[INFO] [1777689216.679038023] [posture_stabilizer]: time=23.91, roll=0.57, pitch=-4.76[0m
[0m[INFO] [1777689216.713395444] [posture_stabilizer]: time=23.94, roll=0.52, pitch=-4.82[0m
[0m[INFO] [1777689216.747382865] [posture_stabilizer]: time=23.98, roll=0.51, pitch=-4.77[0m
[0m[INFO] [1777689216.781467600] [posture_stabilizer]: time=24.01, roll=0.50, pitch=-4.59[0m
[0m[INFO] [1777689216.815815817] [posture_stabilizer]: time=24.05, roll=0.51, pitch=-4.46[0m
[0m[INFO] [1777689216.849351811] [posture_stabilizer]: time=24.08, roll=0.62, pitch=-4.38[0m
[0m[INFO] [1777689216.881401561] [posture_stabilizer]: time=24.11, roll=0.65, pitch=-4.40[0m
[0m[INFO] [1777689216.912832439] [posture_stabilizer]: time=24.15, roll=0.68, pitch=-4.45[0m
[0m[INFO] [1777689216.944231558] [posture_stabilizer]: time=24.18, roll=0.69, pitch=-4.50[0m
[0m[INFO] [1777689216.975779158] [posture_stabilizer]: time=24.21, roll=0.64, pitch=-4.61[0m
[0m[INFO] [1777689217.008415206] [posture_stabilizer]: time=24.24, roll=0.60, pitch=-4.66[0m
[0m[INFO] [1777689217.042615756] [posture_stabilizer]: time=24.27, roll=0.57, pitch=-4.69[0m
[0m[INFO] [1777689217.077331215] [posture_stabilizer]: time=24.31, roll=0.57, pitch=-4.69[0m
[0m[INFO] [1777689217.111087524] [posture_stabilizer]: time=24.34, roll=0.59, pitch=-4.67[0m
[0m[INFO] [1777689217.143844534] [posture_stabilizer]: time=24.38, roll=0.62, pitch=-4.66[0m
[0m[INFO] [1777689217.176461637] [posture_stabilizer]: time=24.41, roll=0.64, pitch=-4.64[0m
[0m[INFO] [1777689217.208260497] [posture_stabilizer]: time=24.44, roll=0.64, pitch=-4.62[0m
[0m[INFO] [1777689217.240645636] [posture_stabilizer]: time=24.47, roll=0.63, pitch=-4.60[0m
[0m[INFO] [1777689217.273292387] [posture_stabilizer]: time=24.51, roll=0.62, pitch=-4.59[0m
[0m[INFO] [1777689217.306009139] [posture_stabilizer]: time=24.54, roll=0.61, pitch=-4.57[0m
[0m[INFO] [1777689217.338878353] [posture_stabilizer]: time=24.57, roll=0.62, pitch=-4.56[0m
[0m[INFO] [1777689217.371429141] [posture_stabilizer]: time=24.60, roll=0.64, pitch=-4.58[0m
[0m[INFO] [1777689217.403685706] [posture_stabilizer]: time=24.64, roll=0.65, pitch=-4.65[0m
[0m[INFO] [1777689217.435833382] [posture_stabilizer]: time=24.67, roll=0.64, pitch=-4.74[0m
[0m[INFO] [1777689217.468610855] [posture_stabilizer]: time=24.70, roll=0.64, pitch=-4.87[0m
[0m[INFO] [1777689217.501769903] [posture_stabilizer]: time=24.73, roll=0.63, pitch=-4.95[0m
[0m[INFO] [1777689217.534557432] [posture_stabilizer]: time=24.77, roll=0.63, pitch=-5.02[0m
[0m[INFO] [1777689217.568992668] [posture_stabilizer]: time=24.80, roll=0.64, pitch=-5.02[0m
[0m[INFO] [1777689217.601860568] [posture_stabilizer]: time=24.83, roll=0.63, pitch=-4.97[0m
[0m[INFO] [1777689217.635500654] [posture_stabilizer]: time=24.87, roll=0.64, pitch=-4.85[0m
[0m[INFO] [1777689217.667397385] [posture_stabilizer]: time=24.90, roll=0.65, pitch=-4.68[0m
[0m[INFO] [1777689217.699407542] [posture_stabilizer]: time=24.93, roll=0.65, pitch=-4.43[0m
[0m[INFO] [1777689217.731669478] [posture_stabilizer]: time=24.96, roll=0.63, pitch=-4.28[0m
[0m[INFO] [1777689217.763548023] [posture_stabilizer]: time=25.00, roll=0.60, pitch=-4.18[0m
[0m[INFO] [1777689217.794897975] [posture_stabilizer]: time=25.03, roll=0.59, pitch=-4.14[0m
[0m[INFO] [1777689217.826475132] [posture_stabilizer]: time=25.06, roll=0.58, pitch=-4.14[0m
[0m[INFO] [1777689217.857941454] [posture_stabilizer]: time=25.09, roll=0.60, pitch=-4.20[0m
[0m[INFO] [1777689217.889925185] [posture_stabilizer]: time=25.12, roll=0.61, pitch=-4.28[0m
[0m[INFO] [1777689217.921219767] [posture_stabilizer]: time=25.15, roll=0.62, pitch=-4.37[0m
[0m[INFO] [1777689217.953278609] [posture_stabilizer]: time=25.19, roll=0.63, pitch=-4.47[0m
[0m[INFO] [1777689217.985507711] [posture_stabilizer]: time=25.22, roll=0.62, pitch=-4.57[0m
[0m[INFO] [1777689218.018777204] [posture_stabilizer]: time=25.25, roll=0.61, pitch=-4.64[0m
[0m[INFO] [1777689218.052348568] [posture_stabilizer]: time=25.28, roll=0.61, pitch=-4.69[0m
[0m[INFO] [1777689218.085603820] [posture_stabilizer]: time=25.32, roll=0.62, pitch=-4.71[0m
[0m[INFO] [1777689218.118905536] [posture_stabilizer]: time=25.35, roll=0.64, pitch=-4.68[0m
[0m[INFO] [1777689218.151002952] [posture_stabilizer]: time=25.38, roll=0.65, pitch=-4.66[0m
[0m[INFO] [1777689218.184822391] [posture_stabilizer]: time=25.42, roll=0.65, pitch=-4.64[0m
[0m[INFO] [1777689218.218628514] [posture_stabilizer]: time=25.45, roll=0.63, pitch=-4.61[0m
[0m[INFO] [1777689218.253245491] [posture_stabilizer]: time=25.48, roll=0.63, pitch=-4.58[0m
[0m[INFO] [1777689218.286651540] [posture_stabilizer]: time=25.52, roll=0.63, pitch=-4.58[0m
[0m[INFO] [1777689218.318674457] [posture_stabilizer]: time=25.55, roll=0.64, pitch=-4.60[0m
[0m[INFO] [1777689218.351326059] [posture_stabilizer]: time=25.58, roll=0.64, pitch=-4.62[0m
[0m[INFO] [1777689218.384433552] [posture_stabilizer]: time=25.62, roll=0.64, pitch=-4.63[0m
[0m[INFO] [1777689218.416770210] [posture_stabilizer]: time=25.65, roll=0.65, pitch=-4.65[0m
[0m[INFO] [1777689218.449763073] [posture_stabilizer]: time=25.68, roll=0.66, pitch=-4.69[0m
[0m[INFO] [1777689218.482169453] [posture_stabilizer]: time=25.71, roll=0.66, pitch=-4.74[0m
[0m[INFO] [1777689218.514406684] [posture_stabilizer]: time=25.75, roll=0.67, pitch=-4.78[0m
[0m[INFO] [1777689218.546983231] [posture_stabilizer]: time=25.78, roll=0.68, pitch=-4.87[0m
[0m[INFO] [1777689218.580074113] [posture_stabilizer]: time=25.81, roll=0.68, pitch=-4.96[0m
[0m[INFO] [1777689218.615002017] [posture_stabilizer]: time=25.84, roll=0.67, pitch=-5.01[0m
[0m[INFO] [1777689218.649465401] [posture_stabilizer]: time=25.88, roll=0.66, pitch=-5.07[0m
[0m[INFO] [1777689218.683253599] [posture_stabilizer]: time=25.91, roll=0.66, pitch=-5.16[0m
[0m[INFO] [1777689218.718921689] [posture_stabilizer]: time=25.95, roll=0.66, pitch=-5.23[0m
[0m[INFO] [1777689218.754380001] [posture_stabilizer]: time=25.98, roll=0.65, pitch=-5.24[0m
[0m[INFO] [1777689218.789990110] [posture_stabilizer]: time=26.02, roll=0.62, pitch=-5.21[0m
[0m[INFO] [1777689218.825869553] [posture_stabilizer]: time=26.05, roll=0.53, pitch=-5.15[0m
[0m[INFO] [1777689218.860698308] [posture_stabilizer]: time=26.09, roll=0.49, pitch=-5.13[0m
[0m[INFO] [1777689218.896385361] [posture_stabilizer]: time=26.13, roll=0.48, pitch=-5.16[0m
[0m[INFO] [1777689218.931263617] [posture_stabilizer]: time=26.16, roll=0.50, pitch=-5.19[0m
[0m[INFO] [1777689218.967797209] [posture_stabilizer]: time=26.20, roll=0.55, pitch=-5.22[0m
[0m[INFO] [1777689219.003396503] [posture_stabilizer]: time=26.23, roll=0.59, pitch=-5.29[0m
[0m[INFO] [1777689219.039327927] [posture_stabilizer]: time=26.27, roll=0.60, pitch=-5.35[0m
[0m[INFO] [1777689219.074446572] [posture_stabilizer]: time=26.30, roll=0.59, pitch=-5.45[0m
[0m[INFO] [1777689219.107861380] [posture_stabilizer]: time=26.34, roll=0.59, pitch=-5.50[0m
[0m[INFO] [1777689219.140863021] [posture_stabilizer]: time=26.37, roll=0.59, pitch=-5.52[0m
[0m[INFO] [1777689219.173988902] [posture_stabilizer]: time=26.41, roll=0.56, pitch=-5.46[0m
[0m[INFO] [1777689219.214224354] [posture_stabilizer]: time=26.44, roll=0.53, pitch=-5.24[0m
[0m[INFO] [1777689219.250341871] [posture_stabilizer]: time=26.48, roll=0.52, pitch=-4.99[0m
[0m[INFO] [1777689219.284291495] [posture_stabilizer]: time=26.52, roll=0.53, pitch=-4.94[0m
[0m[INFO] [1777689219.319217176] [posture_stabilizer]: time=26.55, roll=0.58, pitch=-4.90[0m
[0m[INFO] [1777689219.353739116] [posture_stabilizer]: time=26.58, roll=0.59, pitch=-4.88[0m
[0m[INFO] [1777689219.387010091] [posture_stabilizer]: time=26.62, roll=0.61, pitch=-4.87[0m
[0m[INFO] [1777689219.420990381] [posture_stabilizer]: time=26.65, roll=0.63, pitch=-4.83[0m
[0m[INFO] [1777689219.454482708] [posture_stabilizer]: time=26.69, roll=0.63, pitch=-4.76[0m
[0m[INFO] [1777689219.488948981] [posture_stabilizer]: time=26.72, roll=0.64, pitch=-4.68[0m
[0m[INFO] [1777689219.522233733] [posture_stabilizer]: time=26.75, roll=0.63, pitch=-4.55[0m
[0m[INFO] [1777689219.555246466] [posture_stabilizer]: time=26.79, roll=0.62, pitch=-4.45[0m
[0m[INFO] [1777689219.588460422] [posture_stabilizer]: time=26.82, roll=0.61, pitch=-4.35[0m
[0m[INFO] [1777689219.620289505] [posture_stabilizer]: time=26.85, roll=0.61, pitch=-4.26[0m
[0m[INFO] [1777689219.652146310] [posture_stabilizer]: time=26.88, roll=0.62, pitch=-4.19[0m
[0m[INFO] [1777689219.683574540] [posture_stabilizer]: time=26.92, roll=0.63, pitch=-4.14[0m
[0m[INFO] [1777689219.715217085] [posture_stabilizer]: time=26.95, roll=0.63, pitch=-4.15[0m
[0m[INFO] [1777689219.745645813] [posture_stabilizer]: time=26.98, roll=0.61, pitch=-4.18[0m
[0m[INFO] [1777689219.776721802] [posture_stabilizer]: time=27.01, roll=0.59, pitch=-4.23[0m
[0m[INFO] [1777689219.807878901] [posture_stabilizer]: time=27.04, roll=0.60, pitch=-4.29[0m
[0m[INFO] [1777689219.841060598] [posture_stabilizer]: time=27.07, roll=0.61, pitch=-4.38[0m
[0m[INFO] [1777689219.873788849] [posture_stabilizer]: time=27.11, roll=0.60, pitch=-4.44[0m
[0m[INFO] [1777689219.905521765] [posture_stabilizer]: time=27.14, roll=0.56, pitch=-4.48[0m
[0m[INFO] [1777689219.939308277] [posture_stabilizer]: time=27.17, roll=0.53, pitch=-4.49[0m
[0m[INFO] [1777689219.972627196] [posture_stabilizer]: time=27.20, roll=0.50, pitch=-4.45[0m
[0m[INFO] [1777689220.005758893] [posture_stabilizer]: time=27.24, roll=0.49, pitch=-4.39[0m
[0m[INFO] [1777689220.038622163] [posture_stabilizer]: time=27.27, roll=0.50, pitch=-4.32[0m
[0m[INFO] [1777689220.071313469] [posture_stabilizer]: time=27.30, roll=0.54, pitch=-4.21[0m
[0m[INFO] [1777689220.104468036] [posture_stabilizer]: time=27.34, roll=0.56, pitch=-4.16[0m
[0m[INFO] [1777689220.136400285] [posture_stabilizer]: time=27.37, roll=0.55, pitch=-4.12[0m
[0m[INFO] [1777689220.168841462] [posture_stabilizer]: time=27.40, roll=0.53, pitch=-4.07[0m
[0m[INFO] [1777689220.201416935] [posture_stabilizer]: time=27.43, roll=0.49, pitch=-3.99[0m
[0m[INFO] [1777689220.236768543] [posture_stabilizer]: time=27.47, roll=0.48, pitch=-3.93[0m
[0m[INFO] [1777689220.269364405] [posture_stabilizer]: time=27.50, roll=0.48, pitch=-3.86[0m
[0m[INFO] [1777689220.299500540] [posture_stabilizer]: time=27.53, roll=0.47, pitch=-3.71[0m
[0m[INFO] [1777689220.330940029] [posture_stabilizer]: time=27.56, roll=0.48, pitch=-3.56[0m
[0m[INFO] [1777689220.362011518] [posture_stabilizer]: time=27.60, roll=0.52, pitch=-3.40[0m
[0m[INFO] [1777689220.392073671] [posture_stabilizer]: time=27.63, roll=0.58, pitch=-3.32[0m
[0m[INFO] [1777689220.422178157] [posture_stabilizer]: time=27.66, roll=0.65, pitch=-3.34[0m
[0m[INFO] [1777689220.452342015] [posture_stabilizer]: time=27.69, roll=0.73, pitch=-3.25[0m
[0m[INFO] [1777689220.482904428] [posture_stabilizer]: time=27.72, roll=0.80, pitch=-3.02[0m
[0m[INFO] [1777689220.512172968] [posture_stabilizer]: time=27.75, roll=0.75, pitch=-2.73[0m
[0m[INFO] [1777689220.540827656] [posture_stabilizer]: time=27.78, roll=0.64, pitch=-2.39[0m
[0m[INFO] [1777689220.569661381] [posture_stabilizer]: time=27.81, roll=0.54, pitch=-2.03[0m
[0m[INFO] [1777689220.599352848] [posture_stabilizer]: time=27.83, roll=0.43, pitch=-1.79[0m
[0m[INFO] [1777689220.629281852] [posture_stabilizer]: time=27.86, roll=0.34, pitch=-1.51[0m
[0m[INFO] [1777689220.659237672] [posture_stabilizer]: time=27.89, roll=0.24, pitch=-1.19[0m
[0m[INFO] [1777689220.689894475] [posture_stabilizer]: time=27.92, roll=0.23, pitch=-0.90[0m
[0m[INFO] [1777689220.720085517] [posture_stabilizer]: time=27.95, roll=0.26, pitch=-0.54[0m
[0m[INFO] [1777689220.752052766] [posture_stabilizer]: time=27.98, roll=0.36, pitch=-0.24[0m
[0m[INFO] [1777689220.785731612] [posture_stabilizer]: time=28.02, roll=0.47, pitch=0.16[0m
[0m[INFO] [1777689220.820995887] [posture_stabilizer]: time=28.05, roll=0.58, pitch=0.70[0m
[0m[INFO] [1777689220.855790698] [posture_stabilizer]: time=28.09, roll=0.67, pitch=1.23[0m
[0m[INFO] [1777689220.890195304] [posture_stabilizer]: time=28.12, roll=0.57, pitch=1.67[0m
[0m[INFO] [1777689220.922612351] [posture_stabilizer]: time=28.15, roll=0.20, pitch=2.06[0m
[0m[INFO] [1777689220.956975883] [posture_stabilizer]: time=28.19, roll=-0.02, pitch=2.05[0m
[0m[INFO] [1777689220.989465448] [posture_stabilizer]: time=28.22, roll=-0.26, pitch=1.84[0m
[0m[INFO] [1777689221.022034829] [posture_stabilizer]: time=28.25, roll=-0.34, pitch=1.62[0m
[0m[INFO] [1777689221.055501378] [posture_stabilizer]: time=28.29, roll=-0.33, pitch=1.62[0m
[0m[INFO] [1777689221.088011221] [posture_stabilizer]: time=28.32, roll=-0.21, pitch=1.73[0m
[0m[INFO] [1777689221.122077734] [posture_stabilizer]: time=28.35, roll=-0.15, pitch=1.78[0m
[0m[INFO] [1777689221.156380137] [posture_stabilizer]: time=28.39, roll=-0.16, pitch=1.78[0m
[0m[INFO] [1777689221.190527261] [posture_stabilizer]: time=28.42, roll=-0.20, pitch=1.70[0m
[0m[INFO] [1777689221.223170901] [posture_stabilizer]: time=28.46, roll=-0.20, pitch=1.58[0m
[0m[INFO] [1777689221.255074002] [posture_stabilizer]: time=28.49, roll=-0.17, pitch=1.52[0m
[0m[INFO] [1777689221.287712420] [posture_stabilizer]: time=28.52, roll=-0.12, pitch=1.46[0m
[0m[INFO] [1777689221.321075357] [posture_stabilizer]: time=28.55, roll=-0.07, pitch=1.48[0m
[0m[INFO] [1777689221.354368980] [posture_stabilizer]: time=28.59, roll=-0.04, pitch=1.51[0m
[0m[INFO] [1777689221.387772288] [posture_stabilizer]: time=28.62, roll=-0.04, pitch=1.50[0m
[0m[INFO] [1777689221.420089112] [posture_stabilizer]: time=28.65, roll=-0.06, pitch=1.51[0m
[0m[INFO] [1777689221.452799030] [posture_stabilizer]: time=28.68, roll=-0.08, pitch=1.53[0m
[0m[INFO] [1777689221.485182669] [posture_stabilizer]: time=28.72, roll=-0.07, pitch=1.54[0m
[0m[INFO] [1777689221.518299384] [posture_stabilizer]: time=28.75, roll=-0.06, pitch=1.53[0m
[0m[INFO] [1777689221.552979121] [posture_stabilizer]: time=28.78, roll=-0.06, pitch=1.53[0m
[0m[INFO] [1777689221.586726818] [posture_stabilizer]: time=28.82, roll=-0.06, pitch=1.52[0m
[0m[INFO] [1777689221.619630496] [posture_stabilizer]: time=28.85, roll=-0.07, pitch=1.52[0m
[0m[INFO] [1777689221.652093783] [posture_stabilizer]: time=28.88, roll=-0.08, pitch=1.54[0m
[0m[INFO] [1777689221.684648182] [posture_stabilizer]: time=28.92, roll=-0.07, pitch=1.54[0m
[0m[INFO] [1777689221.716772599] [posture_stabilizer]: time=28.95, roll=-0.06, pitch=1.54[0m
[0m[INFO] [1777689221.749246090] [posture_stabilizer]: time=28.98, roll=-0.06, pitch=1.53[0m
[0m[INFO] [1777689221.782648269] [posture_stabilizer]: time=29.01, roll=-0.07, pitch=1.53[0m
[0m[INFO] [1777689221.815455520] [posture_stabilizer]: time=29.05, roll=-0.08, pitch=1.54[0m
[0m[INFO] [1777689221.849707126] [posture_stabilizer]: time=29.08, roll=-0.07, pitch=1.54[0m
[0m[INFO] [1777689221.883298527] [posture_stabilizer]: time=29.11, roll=-0.06, pitch=1.55[0m
[0m[INFO] [1777689221.916948539] [posture_stabilizer]: time=29.15, roll=-0.06, pitch=1.54[0m
[0m[INFO] [1777689221.950529051] [posture_stabilizer]: time=29.18, roll=-0.07, pitch=1.54[0m
[0m[INFO] [1777689221.984068082] [posture_stabilizer]: time=29.22, roll=-0.07, pitch=1.53[0m
[0m[INFO] [1777689222.017564112] [posture_stabilizer]: time=29.25, roll=-0.07, pitch=1.54[0m
[0m[INFO] [1777689222.049643973] [posture_stabilizer]: time=29.28, roll=-0.07, pitch=1.55[0m
[0m[INFO] [1777689222.083727727] [posture_stabilizer]: time=29.31, roll=-0.06, pitch=1.54[0m
[0m[INFO] [1777689222.116232941] [posture_stabilizer]: time=29.35, roll=-0.07, pitch=1.54[0m
[0m[INFO] [1777689222.148341598] [posture_stabilizer]: time=29.38, roll=-0.06, pitch=1.53[0m
[0m[INFO] [1777689222.180939312] [posture_stabilizer]: time=29.41, roll=-0.06, pitch=1.53[0m
[0m[INFO] [1777689222.213177265] [posture_stabilizer]: time=29.45, roll=-0.05, pitch=1.52[0m
[0m[INFO] [1777689222.245857331] [posture_stabilizer]: time=29.48, roll=-0.05, pitch=1.52[0m
[0m[INFO] [1777689222.278741416] [posture_stabilizer]: time=29.51, roll=-0.03, pitch=1.50[0m
[0m[INFO] [1777689222.311538667] [posture_stabilizer]: time=29.54, roll=0.02, pitch=1.46[0m
[0m[INFO] [1777689222.345436865] [posture_stabilizer]: time=29.58, roll=0.11, pitch=1.36[0m
[0m[INFO] [1777689222.380919029] [posture_stabilizer]: time=29.61, roll=0.18, pitch=1.30[0m
[0m[INFO] [1777689222.414231171] [posture_stabilizer]: time=29.65, roll=0.26, pitch=1.20[0m
[0m[INFO] [1777689222.446602884] [posture_stabilizer]: time=29.68, roll=0.32, pitch=1.16[0m
[0m[INFO] [1777689222.481629640] [posture_stabilizer]: time=29.71, roll=0.39, pitch=1.15[0m
[0m[INFO] [1777689222.515591078] [posture_stabilizer]: time=29.75, roll=0.53, pitch=1.20[0m
[0m[INFO] [1777689222.549953888] [posture_stabilizer]: time=29.78, roll=0.62, pitch=1.18[0m
[0m[INFO] [1777689222.584193754] [posture_stabilizer]: time=29.81, roll=0.74, pitch=1.18[0m
[0m[INFO] [1777689222.618703342] [posture_stabilizer]: time=29.85, roll=0.90, pitch=1.14[0m
[0m[INFO] [1777689222.653506764] [posture_stabilizer]: time=29.88, roll=0.99, pitch=1.21[0m
[0m[INFO] [1777689222.687587999] [posture_stabilizer]: time=29.92, roll=1.15, pitch=1.29[0m
[0m[INFO] [1777689222.722230161] [posture_stabilizer]: time=29.95, roll=1.31, pitch=1.34[0m
[0m[INFO] [1777689222.756512527] [posture_stabilizer]: time=29.99, roll=1.57, pitch=1.39[0m
[0m[INFO] [1777689222.791272134] [posture_stabilizer]: time=30.02, roll=1.77, pitch=1.39[0m
[0m[INFO] [1777689222.828108893] [posture_stabilizer]: time=30.06, roll=2.00, pitch=1.34[0m
[0m[INFO] [1777689222.865125560] [posture_stabilizer]: time=30.09, roll=2.10, pitch=1.23[0m
[0m[INFO] [1777689222.901723004] [posture_stabilizer]: time=30.13, roll=2.15, pitch=1.11[0m
[0m[INFO] [1777689222.937766281] [posture_stabilizer]: time=30.17, roll=2.50, pitch=1.15[0m
[0m[INFO] [1777689222.974176058] [posture_stabilizer]: time=30.20, roll=2.65, pitch=1.25[0m
[0m[INFO] [1777689223.010687168] [posture_stabilizer]: time=30.24, roll=2.66, pitch=1.38[0m
[0m[INFO] [1777689223.049355283] [posture_stabilizer]: time=30.28, roll=2.70, pitch=1.47[0m
[0m[INFO] [1777689223.086677970] [posture_stabilizer]: time=30.31, roll=2.75, pitch=1.59[0m
[0m[INFO] [1777689223.124157101] [posture_stabilizer]: time=30.35, roll=2.82, pitch=1.62[0m
[0m[INFO] [1777689223.159769802] [posture_stabilizer]: time=30.39, roll=2.96, pitch=1.64[0m
[0m[INFO] [1777689223.195987616] [posture_stabilizer]: time=30.42, roll=3.00, pitch=1.60[0m
[0m[INFO] [1777689223.231647687] [posture_stabilizer]: time=30.46, roll=3.04, pitch=1.61[0m
[0m[INFO] [1777689223.267646279] [posture_stabilizer]: time=30.50, roll=3.04, pitch=1.57[0m
[0m[INFO] [1777689223.303700573] [posture_stabilizer]: time=30.53, roll=3.01, pitch=1.51[0m
[0m[INFO] [1777689223.340239888] [posture_stabilizer]: time=30.57, roll=3.04, pitch=1.45[0m
[0m[INFO] [1777689223.376865887] [posture_stabilizer]: time=30.60, roll=3.12, pitch=1.42[0m
[0m[INFO] [1777689223.413938184] [posture_stabilizer]: time=30.64, roll=3.33, pitch=1.39[0m
[0m[INFO] [1777689223.450253924] [posture_stabilizer]: time=30.68, roll=3.49, pitch=1.38[0m
[0m[INFO] [1777689223.486918331] [posture_stabilizer]: time=30.71, roll=3.62, pitch=1.40[0m
[0m[INFO] [1777689223.523205571] [posture_stabilizer]: time=30.75, roll=3.63, pitch=1.44[0m
[0m[INFO] [1777689223.560449628] [posture_stabilizer]: time=30.79, roll=3.44, pitch=1.53[0m
[0m[INFO] [1777689223.598053944] [posture_stabilizer]: time=30.83, roll=3.32, pitch=1.50[0m
[0m[INFO] [1777689223.634358647] [posture_stabilizer]: time=30.86, roll=3.24, pitch=1.42[0m
[0m[INFO] [1777689223.671538648] [posture_stabilizer]: time=30.90, roll=3.23, pitch=1.34[0m
[0m[INFO] [1777689223.707312312] [posture_stabilizer]: time=30.94, roll=3.26, pitch=1.28[0m
[0m[INFO] [1777689223.744392591] [posture_stabilizer]: time=30.97, roll=3.32, pitch=1.25[0m
[0m[INFO] [1777689223.782029963] [posture_stabilizer]: time=31.01, roll=3.56, pitch=1.24[0m
[0m[INFO] [1777689223.819613853] [posture_stabilizer]: time=31.05, roll=3.97, pitch=1.28[0m
[0m[INFO] [1777689223.857444059] [posture_stabilizer]: time=31.08, roll=4.25, pitch=1.34[0m
[0m[INFO] [1777689223.894093318] [posture_stabilizer]: time=31.12, roll=4.47, pitch=1.42[0m
[0m[INFO] [1777689223.931496208] [posture_stabilizer]: time=31.16, roll=4.44, pitch=1.46[0m
[0m[INFO] [1777689223.965669759] [posture_stabilizer]: time=31.20, roll=4.25, pitch=1.48[0m
[0m[INFO] [1777689224.002571037] [posture_stabilizer]: time=31.23, roll=3.79, pitch=1.39[0m
[0m[INFO] [1777689224.038228923] [posture_stabilizer]: time=31.27, roll=3.58, pitch=1.27[0m
[0m[INFO] [1777689224.073903143] [posture_stabilizer]: time=31.30, roll=3.44, pitch=1.18[0m
[0m[INFO] [1777689224.110383532] [posture_stabilizer]: time=31.34, roll=3.29, pitch=1.11[0m
[0m[INFO] [1777689224.146411530] [posture_stabilizer]: time=31.38, roll=3.23, pitch=1.11[0m
[0m[INFO] [1777689224.182770270] [posture_stabilizer]: time=31.41, roll=3.25, pitch=1.18[0m
[0m[INFO] [1777689224.225653597] [posture_stabilizer]: time=31.45, roll=3.45, pitch=1.38[0m
[0m[INFO] [1777689224.261516392] [posture_stabilizer]: time=31.49, roll=3.58, pitch=1.48[0m
[0m[INFO] [1777689224.297422186] [posture_stabilizer]: time=31.53, roll=3.63, pitch=1.47[0m
[0m[INFO] [1777689224.333170443] [posture_stabilizer]: time=31.56, roll=3.62, pitch=1.47[0m
[0m[INFO] [1777689224.370022332] [posture_stabilizer]: time=31.60, roll=3.46, pitch=1.47[0m
[0m[INFO] [1777689224.405690997] [posture_stabilizer]: time=31.63, roll=3.23, pitch=1.46[0m
[0m[INFO] [1777689224.443035368] [posture_stabilizer]: time=31.67, roll=2.82, pitch=1.42[0m
[0m[INFO] [1777689224.479858091] [posture_stabilizer]: time=31.71, roll=2.31, pitch=1.36[0m
[0m[INFO] [1777689224.514179382] [posture_stabilizer]: time=31.74, roll=1.90, pitch=1.32[0m
[0m[INFO] [1777689224.548921452] [posture_stabilizer]: time=31.78, roll=1.35, pitch=1.28[0m
[0m[INFO] [1777689224.583269040] [posture_stabilizer]: time=31.81, roll=1.04, pitch=1.27[0m
[0m[INFO] [1777689224.617848257] [posture_stabilizer]: time=31.85, roll=0.60, pitch=1.20[0m
[0m[INFO] [1777689224.652510549] [posture_stabilizer]: time=31.88, roll=0.42, pitch=1.02[0m
[0m[INFO] [1777689224.685052874] [posture_stabilizer]: time=31.92, roll=0.09, pitch=1.06[0m
[0m[INFO] [1777689224.719894426] [posture_stabilizer]: time=31.95, roll=-0.42, pitch=1.06[0m
[0m[INFO] [1777689224.754238106] [posture_stabilizer]: time=31.98, roll=-0.85, pitch=1.23[0m
[0m[INFO] [1777689224.788796324] [posture_stabilizer]: time=32.02, roll=-1.09, pitch=1.67[0m
[0m[INFO] [1777689224.823165245] [posture_stabilizer]: time=32.05, roll=-0.93, pitch=1.81[0m
[0m[INFO] [1777689224.858215927] [posture_stabilizer]: time=32.09, roll=-0.70, pitch=1.89[0m
[0m[INFO] [1777689224.893092664] [posture_stabilizer]: time=32.12, roll=-0.53, pitch=1.92[0m
[0m[INFO] [1777689224.926044526] [posture_stabilizer]: time=32.16, roll=-0.38, pitch=1.88[0m
[0m[INFO] [1777689224.959653168] [posture_stabilizer]: time=32.19, roll=-0.19, pitch=1.74[0m
[0m[INFO] [1777689224.994096886] [posture_stabilizer]: time=32.22, roll=-0.08, pitch=1.64[0m
[0m[INFO] [1777689225.027853750] [posture_stabilizer]: time=32.26, roll=-0.10, pitch=1.60[0m
[0m[INFO] [1777689225.061109724] [posture_stabilizer]: time=32.29, roll=-0.12, pitch=1.58[0m
[0m[INFO] [1777689225.096262758] [posture_stabilizer]: time=32.33, roll=-0.17, pitch=1.57[0m
[0m[INFO] [1777689225.129902344] [posture_stabilizer]: time=32.36, roll=-0.13, pitch=1.57[0m
[0m[INFO] [1777689225.164690322] [posture_stabilizer]: time=32.39, roll=-0.13, pitch=1.57[0m
[0m[INFO] [1777689225.199684892] [posture_stabilizer]: time=32.43, roll=-0.17, pitch=1.57[0m
[0m[INFO] [1777689225.234974000] [posture_stabilizer]: time=32.46, roll=-0.20, pitch=1.57[0m
[0m[INFO] [1777689225.267864993] [posture_stabilizer]: time=32.50, roll=-0.20, pitch=1.57[0m
[0m[INFO] [1777689225.299821261] [posture_stabilizer]: time=32.53, roll=-0.18, pitch=1.56[0m
[0m[INFO] [1777689225.332448475] [posture_stabilizer]: time=32.56, roll=-0.16, pitch=1.57[0m
[0m[INFO] [1777689225.364920503] [posture_stabilizer]: time=32.60, roll=-0.16, pitch=1.57[0m
[0m[INFO] [1777689225.397215975] [posture_stabilizer]: time=32.63, roll=-0.18, pitch=1.56[0m
[0m[INFO] [1777689225.429451059] [posture_stabilizer]: time=32.66, roll=-0.20, pitch=1.56[0m
[0m[INFO] [1777689225.462661033] [posture_stabilizer]: time=32.69, roll=-0.19, pitch=1.57[0m
[0m[INFO] [1777689225.495203932] [posture_stabilizer]: time=32.73, roll=-0.18, pitch=1.58[0m
[0m[INFO] [1777689225.528510907] [posture_stabilizer]: time=32.76, roll=-0.18, pitch=1.58[0m
[0m[INFO] [1777689225.561157102] [posture_stabilizer]: time=32.79, roll=-0.19, pitch=1.58[0m
[0m[INFO] [1777689225.593885909] [posture_stabilizer]: time=32.83, roll=-0.20, pitch=1.57[0m
[0m[INFO] [1777689225.627640606] [posture_stabilizer]: time=32.86, roll=-0.19, pitch=1.58[0m
[0m[INFO] [1777689225.661978175] [posture_stabilizer]: time=32.89, roll=-0.19, pitch=1.59[0m
[0m[INFO] [1777689225.696295633] [posture_stabilizer]: time=32.93, roll=-0.19, pitch=1.59[0m
[0m[INFO] [1777689225.730337480] [posture_stabilizer]: time=32.96, roll=-0.20, pitch=1.59[0m
[0m[INFO] [1777689225.762702156] [posture_stabilizer]: time=32.99, roll=-0.20, pitch=1.60[0m
[0m[INFO] [1777689225.794771980] [posture_stabilizer]: time=33.03, roll=-0.19, pitch=1.59[0m
[0m[INFO] [1777689225.827329397] [posture_stabilizer]: time=33.06, roll=-0.20, pitch=1.60[0m
[0m[INFO] [1777689225.859752407] [posture_stabilizer]: time=33.09, roll=-0.20, pitch=1.61[0m
[0m[INFO] [1777689225.893045307] [posture_stabilizer]: time=33.12, roll=-0.20, pitch=1.61[0m
[0m[INFO] [1777689225.925410873] [posture_stabilizer]: time=33.16, roll=-0.19, pitch=1.61[0m
[0m[INFO] [1777689225.958741606] [posture_stabilizer]: time=33.19, roll=-0.19, pitch=1.61[0m
[0m[INFO] [1777689225.990797208] [posture_stabilizer]: time=33.22, roll=-0.19, pitch=1.61[0m
[0m[INFO] [1777689226.024092016] [posture_stabilizer]: time=33.26, roll=-0.19, pitch=1.61[0m
[0m[INFO] [1777689226.058379640] [posture_stabilizer]: time=33.29, roll=-0.19, pitch=1.61[0m
[0m[INFO] [1777689226.092552950] [posture_stabilizer]: time=33.32, roll=-0.19, pitch=1.61[0m
[0m[INFO] [1777689226.126363777] [posture_stabilizer]: time=33.36, roll=-0.19, pitch=1.62[0m
[0m[INFO] [1777689226.159422603] [posture_stabilizer]: time=33.39, roll=-0.19, pitch=1.62[0m
[0m[INFO] [1777689226.192293336] [posture_stabilizer]: time=33.42, roll=-0.19, pitch=1.62[0m
[0m[INFO] [1777689226.224552753] [posture_stabilizer]: time=33.46, roll=-0.19, pitch=1.62[0m
[0m[INFO] [1777689226.256693762] [posture_stabilizer]: time=33.49, roll=-0.19, pitch=1.63[0m
